#
# There is insufficient memory for the Java Runtime Environment to continue.
# Native memory allocation (malloc) failed to allocate 1242736 bytes for Chunk::new
# Possible reasons:
#   The system is out of physical RAM or swap space
#   The process is running with CompressedOops enabled, and the Java Heap may be blocking the growth of the native heap
# Possible solutions:
#   Reduce memory load on the system
#   Increase physical memory or swap space
#   Check if swap backing store is full
#   Decrease Java heap size (-Xmx/-Xms)
#   Decrease number of Java threads
#   Decrease Java thread stack sizes (-Xss)
#   Set larger code cache with -XX:ReservedCodeCacheSize=
#   JVM is running with Unscaled Compressed Oops mode in which the Java heap is
#     placed in the first 4GB address space. The Java Heap base address is the
#     maximum limit for the native heap growth. Please use -XX:HeapBaseMinAddress
#     to set the Java Heap base and to place the Java Heap above 4GB virtual address.
# This output file may be truncated or incomplete.
#
#  Out of Memory Error (arena.cpp:189), pid=4256, tid=7504
#
# JRE version: OpenJDK Runtime Environment (17.0+35) (build 17+35-2724)
# Java VM: OpenJDK 64-Bit Server VM (17+35-2724, mixed mode, sharing, tiered, compressed oops, compressed class ptrs, g1 gc, windows-amd64)
# No core dump will be written. Minidumps are not enabled by default on client versions of Windows
#

---------------  S U M M A R Y ------------

Command Line: --add-opens=java.base/java.util=ALL-UNNAMED --add-opens=java.base/java.lang=ALL-UNNAMED --add-opens=java.base/java.lang.invoke=ALL-UNNAMED --add-opens=java.prefs/java.util.prefs=ALL-UNNAMED --add-opens=java.base/java.nio.charset=ALL-UNNAMED --add-opens=java.base/java.net=ALL-UNNAMED --add-opens=java.base/java.util.concurrent.atomic=ALL-UNNAMED -XX:MaxMetaspaceSize=384m -XX:+HeapDumpOnOutOfMemoryError -Xms256m -Xmx512m -Dfile.encoding=x-windows-949 -Duser.country=KR -Duser.language=ko -Duser.variant -javaagent:C:\Users\qorhk\.gradle\wrapper\dists\gradle-8.7-bin\bhs2wmbdwecv87pi65oeuq5iu\gradle-8.7\lib\agents\gradle-instrumentation-agent-8.7.jar org.gradle.launcher.daemon.bootstrap.GradleDaemon 8.7

Host: Intel(R) Core(TM) i5-8265U CPU @ 1.60GHz, 8 cores, 11G,  Windows 10 , 64 bit Build 22621 (10.0.22621.3527)
Time: Wed Jun 12 16:48:06 2024  Windows 10 , 64 bit Build 22621 (10.0.22621.3527) elapsed time: 13.472388 seconds (0d 0h 0m 13s)

---------------  T H R E A D  ---------------

Current thread (0x000001dc803c3110):  JavaThread "C2 CompilerThread0" daemon [_thread_in_native, id=7504, stack(0x000000c62e700000,0x000000c62e800000)]


Current CompileTask:
C2:  13472 3145  s!   4       jdk.internal.loader.URLClassPath::getLoader (194 bytes)

Stack: [0x000000c62e700000,0x000000c62e800000]
Native frames: (J=compiled Java code, j=interpreted, Vv=VM code, C=native code)
V  [jvm.dll+0x66f8ea]
V  [jvm.dll+0x7ce224]
V  [jvm.dll+0x7cf9ce]
V  [jvm.dll+0x7d0033]
V  [jvm.dll+0x242bb5]
V  [jvm.dll+0xaa05b]
V  [jvm.dll+0xaa5ec]
V  [jvm.dll+0x35f9a2]
V  [jvm.dll+0x329f61]
V  [jvm.dll+0x32940a]
V  [jvm.dll+0x215ca1]
V  [jvm.dll+0x2150c1]
V  [jvm.dll+0x1a168d]
V  [jvm.dll+0x2248f8]
V  [jvm.dll+0x222a5c]
V  [jvm.dll+0x78422b]
V  [jvm.dll+0x77e7ea]
V  [jvm.dll+0x66e715]
C  [ucrtbase.dll+0x29333]
C  [KERNEL32.DLL+0x1257d]
C  [ntdll.dll+0x5aa48]


---------------  P R O C E S S  ---------------

Threads class SMR info:
_java_thread_list=0x000001dc82d02100, length=35, elements={
0x000001dce5ad5830, 0x000001dc8039f230, 0x000001dc803a00a0, 0x000001dc803be450,
0x000001dc803bef10, 0x000001dc803c19d0, 0x000001dc803c2380, 0x000001dc803c3110,
0x000001dc803c3bb0, 0x000001dc803c65b0, 0x000001dc810a5840, 0x000001dc811d63e0,
0x000001dc82994d70, 0x000001dc826e1880, 0x000001dc81b86360, 0x000001dc816422d0,
0x000001dc81a9a430, 0x000001dc828228f0, 0x000001dc812aaea0, 0x000001dc80418840,
0x000001dc81e5b2a0, 0x000001dc81e59a90, 0x000001dc81e59f60, 0x000001dc81e5a430,
0x000001dc81e5a900, 0x000001dc81e5add0, 0x000001dc81e5bc40, 0x000001dc81e5c110,
0x000001dc81e58750, 0x000001dc81e58c20, 0x000001dc81e590f0, 0x000001dc81e595c0,
0x000001dc812c5e40, 0x000001dc812c1ae0, 0x000001dc812c32f0
}

Java Threads: ( => current thread )
  0x000001dce5ad5830 JavaThread "main" [_thread_blocked, id=21688, stack(0x000000c62da00000,0x000000c62db00000)]
  0x000001dc8039f230 JavaThread "Reference Handler" daemon [_thread_blocked, id=16392, stack(0x000000c62e100000,0x000000c62e200000)]
  0x000001dc803a00a0 JavaThread "Finalizer" daemon [_thread_blocked, id=3172, stack(0x000000c62e200000,0x000000c62e300000)]
  0x000001dc803be450 JavaThread "Signal Dispatcher" daemon [_thread_blocked, id=3300, stack(0x000000c62e300000,0x000000c62e400000)]
  0x000001dc803bef10 JavaThread "Attach Listener" daemon [_thread_blocked, id=9240, stack(0x000000c62e400000,0x000000c62e500000)]
  0x000001dc803c19d0 JavaThread "Service Thread" daemon [_thread_blocked, id=4496, stack(0x000000c62e500000,0x000000c62e600000)]
  0x000001dc803c2380 JavaThread "Monitor Deflation Thread" daemon [_thread_blocked, id=17892, stack(0x000000c62e600000,0x000000c62e700000)]
=>0x000001dc803c3110 JavaThread "C2 CompilerThread0" daemon [_thread_in_native, id=7504, stack(0x000000c62e700000,0x000000c62e800000)]
  0x000001dc803c3bb0 JavaThread "C1 CompilerThread0" daemon [_thread_blocked, id=4748, stack(0x000000c62e800000,0x000000c62e900000)]
  0x000001dc803c65b0 JavaThread "Sweeper thread" daemon [_thread_blocked, id=21684, stack(0x000000c62e900000,0x000000c62ea00000)]
  0x000001dc810a5840 JavaThread "Common-Cleaner" daemon [_thread_blocked, id=10856, stack(0x000000c62ea00000,0x000000c62eb00000)]
  0x000001dc811d63e0 JavaThread "Notification Thread" daemon [_thread_blocked, id=7616, stack(0x000000c62eb00000,0x000000c62ec00000)]
  0x000001dc82994d70 JavaThread "Daemon health stats" [_thread_blocked, id=19860, stack(0x000000c62f200000,0x000000c62f300000)]
  0x000001dc826e1880 JavaThread "Incoming local TCP Connector on port 60892" [_thread_in_native, id=21572, stack(0x000000c62f300000,0x000000c62f400000)]
  0x000001dc81b86360 JavaThread "Daemon periodic checks" [_thread_blocked, id=13832, stack(0x000000c62f400000,0x000000c62f500000)]
  0x000001dc816422d0 JavaThread "Daemon" [_thread_blocked, id=9624, stack(0x000000c62f500000,0x000000c62f600000)]
  0x000001dc81a9a430 JavaThread "Handler for socket connection from /127.0.0.1:60892 to /127.0.0.1:60894" [_thread_in_native, id=8836, stack(0x000000c62f600000,0x000000c62f700000)]
  0x000001dc828228f0 JavaThread "Cancel handler" [_thread_blocked, id=8584, stack(0x000000c62f700000,0x000000c62f800000)]
  0x000001dc812aaea0 JavaThread "Daemon worker" [_thread_in_native, id=3540, stack(0x000000c62f800000,0x000000c62f900000)]
  0x000001dc80418840 JavaThread "Asynchronous log dispatcher for DefaultDaemonConnection: socket connection from /127.0.0.1:60892 to /127.0.0.1:60894" [_thread_blocked, id=20544, stack(0x000000c62f900000,0x000000c62fa00000)]
  0x000001dc81e5b2a0 JavaThread "Stdin handler" [_thread_blocked, id=16720, stack(0x000000c62fa00000,0x000000c62fb00000)]
  0x000001dc81e59a90 JavaThread "Daemon client event forwarder" [_thread_blocked, id=6816, stack(0x000000c62fb00000,0x000000c62fc00000)]
  0x000001dc81e59f60 JavaThread "Cache worker for journal cache (C:\Users\qorhk\.gradle\caches\journal-1)" [_thread_blocked, id=8232, stack(0x000000c62fc00000,0x000000c62fd00000)]
  0x000001dc81e5a430 JavaThread "File lock request listener" [_thread_in_native, id=13084, stack(0x000000c62fd00000,0x000000c62fe00000)]
  0x000001dc81e5a900 JavaThread "Cache worker for file hash cache (C:\Users\qorhk\.gradle\caches\8.7\fileHashes)" [_thread_blocked, id=7440, stack(0x000000c62fe00000,0x000000c62ff00000)]
  0x000001dc81e5add0 JavaThread "File lock release action executor" [_thread_blocked, id=18780, stack(0x000000c62ff00000,0x000000c630000000)]
  0x000001dc81e5bc40 JavaThread "Cache worker for file hash cache (C:\Users\qorhk\IdeaProjects\webflux\backend\.gradle\8.7\fileHashes)" [_thread_blocked, id=7688, stack(0x000000c630000000,0x000000c630100000)]
  0x000001dc81e5c110 JavaThread "File watcher server" daemon [_thread_in_native, id=5092, stack(0x000000c630100000,0x000000c630200000)]
  0x000001dc81e58750 JavaThread "File watcher consumer" daemon [_thread_blocked, id=21068, stack(0x000000c630200000,0x000000c630300000)]
  0x000001dc81e58c20 JavaThread "Cache worker for checksums cache (C:\Users\qorhk\IdeaProjects\webflux\backend\.gradle\8.7\checksums)" [_thread_blocked, id=17604, stack(0x000000c630600000,0x000000c630700000)]
  0x000001dc81e590f0 JavaThread "Cache worker for cache directory md-supplier (C:\Users\qorhk\.gradle\caches\8.7\md-supplier)" [_thread_blocked, id=9976, stack(0x000000c630700000,0x000000c630800000)]
  0x000001dc81e595c0 JavaThread "Cache worker for cache directory md-rule (C:\Users\qorhk\.gradle\caches\8.7\md-rule)" [_thread_blocked, id=13456, stack(0x000000c630800000,0x000000c630900000)]
  0x000001dc812c5e40 JavaThread "Cache worker for file content cache (C:\Users\qorhk\.gradle\caches\8.7\fileContent)" [_thread_blocked, id=5320, stack(0x000000c630900000,0x000000c630a00000)]
  0x000001dc812c1ae0 JavaThread "jar transforms" [_thread_blocked, id=15724, stack(0x000000c630a00000,0x000000c630b00000)]
  0x000001dc812c32f0 JavaThread "jar transforms Thread 2" [_thread_blocked, id=14608, stack(0x000000c630b00000,0x000000c630c00000)]

Other Threads:
  0x000001dc80399ee0 VMThread "VM Thread" [stack: 0x000000c62e000000,0x000000c62e100000] [id=21696]
  0x000001dc811d68b0 WatcherThread [stack: 0x000000c62ec00000,0x000000c62ed00000] [id=15820]
  0x000001dce5afd010 GCTaskThread "GC Thread#0" [stack: 0x000000c62db00000,0x000000c62dc00000] [id=15720]
  0x000001dc81ab4590 GCTaskThread "GC Thread#1" [stack: 0x000000c62ed00000,0x000000c62ee00000] [id=7692]
  0x000001dc81ab4840 GCTaskThread "GC Thread#2" [stack: 0x000000c62ee00000,0x000000c62ef00000] [id=11804]
  0x000001dc81488f30 GCTaskThread "GC Thread#3" [stack: 0x000000c62ef00000,0x000000c62f000000] [id=13016]
  0x000001dc814891e0 GCTaskThread "GC Thread#4" [stack: 0x000000c62f000000,0x000000c62f100000] [id=12812]
  0x000001dc8165e4b0 GCTaskThread "GC Thread#5" [stack: 0x000000c62f100000,0x000000c62f200000] [id=22336]
  0x000001dc83a547b0 GCTaskThread "GC Thread#6" [stack: 0x000000c630300000,0x000000c630400000] [id=8428]
  0x000001dc848d6030 GCTaskThread "GC Thread#7" [stack: 0x000000c630400000,0x000000c630500000] [id=9220]
  0x000001dce5b01f50 ConcurrentGCThread "G1 Main Marker" [stack: 0x000000c62dc00000,0x000000c62dd00000] [id=13508]
  0x000001dce5b02960 ConcurrentGCThread "G1 Conc#0" [stack: 0x000000c62dd00000,0x000000c62de00000] [id=4644]
  0x000001dc82e91b30 ConcurrentGCThread "G1 Conc#1" [stack: 0x000000c630500000,0x000000c630600000] [id=9300]
  0x000001dc802620d0 ConcurrentGCThread "G1 Refine#0" [stack: 0x000000c62de00000,0x000000c62df00000] [id=19228]
  0x000001dc80262af0 ConcurrentGCThread "G1 Service" [stack: 0x000000c62df00000,0x000000c62e000000] [id=17524]

Threads with active compile tasks:
C2 CompilerThread0    13520 3145  s!   4       jdk.internal.loader.URLClassPath::getLoader (194 bytes)

VM state: not at safepoint (normal execution)

VM Mutex/Monitor currently owned by a thread: None

Heap address: 0x00000000e0000000, size: 512 MB, Compressed Oops mode: 32-bit

CDS archive(s) mapped at: [0x0000000800000000-0x0000000800bc0000-0x0000000800bc0000), size 12320768, SharedBaseAddress: 0x0000000800000000, ArchiveRelocationMode: 0.
Compressed class space mapped at: 0x0000000800c00000-0x0000000814000000, reserved size: 322961408
Narrow klass base: 0x0000000800000000, Narrow klass shift: 0, Narrow klass range: 0x100000000

GC Precious Log:
 CPUs: 8 total, 8 available
 Memory: 12101M
 Large Page Support: Disabled
 NUMA Support: Disabled
 Compressed Oops: Enabled (32-bit)
 Heap Region Size: 1M
 Heap Min Capacity: 256M
 Heap Initial Capacity: 256M
 Heap Max Capacity: 512M
 Pre-touch: Disabled
 Parallel Workers: 8
 Concurrent Workers: 2
 Concurrent Refinement Workers: 8
 Periodic GC: Disabled

Heap:
 garbage-first heap   total 262144K, used 76430K [0x00000000e0000000, 0x0000000100000000)
  region size 1024K, 65 young (66560K), 12 survivors (12288K)
 Metaspace       used 28102K, committed 28480K, reserved 339968K
  class space    used 4168K, committed 4352K, reserved 315392K

Heap Regions: E=young(eden), S=young(survivor), O=old, HS=humongous(starts), HC=humongous(continues), CS=collection set, F=free, OA=open archive, CA=closed archive, TAMS=top-at-mark-start (previous, next)
|   0|0x00000000e0000000, 0x00000000e0100000, 0x00000000e0100000|100%|HS|  |TAMS 0x00000000e0100000, 0x00000000e0000000| Complete 
|   1|0x00000000e0100000, 0x00000000e0200000, 0x00000000e0200000|100%|HC|  |TAMS 0x00000000e0200000, 0x00000000e0100000| Complete 
|   2|0x00000000e0200000, 0x00000000e0300000, 0x00000000e0300000|100%|HC|  |TAMS 0x00000000e0300000, 0x00000000e0200000| Complete 
|   3|0x00000000e0300000, 0x00000000e0400000, 0x00000000e0400000|100%|HC|  |TAMS 0x00000000e0400000, 0x00000000e0300000| Complete 
|   4|0x00000000e0400000, 0x00000000e0500000, 0x00000000e0500000|100%| O|  |TAMS 0x00000000e0500000, 0x00000000e0400000| Untracked 
|   5|0x00000000e0500000, 0x00000000e0600000, 0x00000000e0600000|100%| O|  |TAMS 0x00000000e0600000, 0x00000000e0500000| Untracked 
|   6|0x00000000e0600000, 0x00000000e0700000, 0x00000000e0700000|100%| O|  |TAMS 0x00000000e0700000, 0x00000000e0600000| Untracked 
|   7|0x00000000e0700000, 0x00000000e0800000, 0x00000000e0800000|100%| O|  |TAMS 0x00000000e0800000, 0x00000000e0700000| Untracked 
|   8|0x00000000e0800000, 0x00000000e0900000, 0x00000000e0900000|100%| O|  |TAMS 0x00000000e0900000, 0x00000000e0800000| Untracked 
|   9|0x00000000e0900000, 0x00000000e0a00000, 0x00000000e0a00000|100%| O|  |TAMS 0x00000000e0a00000, 0x00000000e0900000| Untracked 
|  10|0x00000000e0a00000, 0x00000000e0aca800, 0x00000000e0b00000| 79%| O|  |TAMS 0x00000000e0aca800, 0x00000000e0a00000| Untracked 
|  11|0x00000000e0b00000, 0x00000000e0b00000, 0x00000000e0c00000|  0%| F|  |TAMS 0x00000000e0b00000, 0x00000000e0b00000| Untracked 
|  12|0x00000000e0c00000, 0x00000000e0c00000, 0x00000000e0d00000|  0%| F|  |TAMS 0x00000000e0c00000, 0x00000000e0c00000| Untracked 
|  13|0x00000000e0d00000, 0x00000000e0d00000, 0x00000000e0e00000|  0%| F|  |TAMS 0x00000000e0d00000, 0x00000000e0d00000| Untracked 
|  14|0x00000000e0e00000, 0x00000000e0e00000, 0x00000000e0f00000|  0%| F|  |TAMS 0x00000000e0e00000, 0x00000000e0e00000| Untracked 
|  15|0x00000000e0f00000, 0x00000000e0f00000, 0x00000000e1000000|  0%| F|  |TAMS 0x00000000e0f00000, 0x00000000e0f00000| Untracked 
|  16|0x00000000e1000000, 0x00000000e1000000, 0x00000000e1100000|  0%| F|  |TAMS 0x00000000e1000000, 0x00000000e1000000| Untracked 
|  17|0x00000000e1100000, 0x00000000e1100000, 0x00000000e1200000|  0%| F|  |TAMS 0x00000000e1100000, 0x00000000e1100000| Untracked 
|  18|0x00000000e1200000, 0x00000000e1200000, 0x00000000e1300000|  0%| F|  |TAMS 0x00000000e1200000, 0x00000000e1200000| Untracked 
|  19|0x00000000e1300000, 0x00000000e1300000, 0x00000000e1400000|  0%| F|  |TAMS 0x00000000e1300000, 0x00000000e1300000| Untracked 
|  20|0x00000000e1400000, 0x00000000e1400000, 0x00000000e1500000|  0%| F|  |TAMS 0x00000000e1400000, 0x00000000e1400000| Untracked 
|  21|0x00000000e1500000, 0x00000000e1500000, 0x00000000e1600000|  0%| F|  |TAMS 0x00000000e1500000, 0x00000000e1500000| Untracked 
|  22|0x00000000e1600000, 0x00000000e1600000, 0x00000000e1700000|  0%| F|  |TAMS 0x00000000e1600000, 0x00000000e1600000| Untracked 
|  23|0x00000000e1700000, 0x00000000e1700000, 0x00000000e1800000|  0%| F|  |TAMS 0x00000000e1700000, 0x00000000e1700000| Untracked 
|  24|0x00000000e1800000, 0x00000000e1800000, 0x00000000e1900000|  0%| F|  |TAMS 0x00000000e1800000, 0x00000000e1800000| Untracked 
|  25|0x00000000e1900000, 0x00000000e1900000, 0x00000000e1a00000|  0%| F|  |TAMS 0x00000000e1900000, 0x00000000e1900000| Untracked 
|  26|0x00000000e1a00000, 0x00000000e1a00000, 0x00000000e1b00000|  0%| F|  |TAMS 0x00000000e1a00000, 0x00000000e1a00000| Untracked 
|  27|0x00000000e1b00000, 0x00000000e1b00000, 0x00000000e1c00000|  0%| F|  |TAMS 0x00000000e1b00000, 0x00000000e1b00000| Untracked 
|  28|0x00000000e1c00000, 0x00000000e1c00000, 0x00000000e1d00000|  0%| F|  |TAMS 0x00000000e1c00000, 0x00000000e1c00000| Untracked 
|  29|0x00000000e1d00000, 0x00000000e1d00000, 0x00000000e1e00000|  0%| F|  |TAMS 0x00000000e1d00000, 0x00000000e1d00000| Untracked 
|  30|0x00000000e1e00000, 0x00000000e1e00000, 0x00000000e1f00000|  0%| F|  |TAMS 0x00000000e1e00000, 0x00000000e1e00000| Untracked 
|  31|0x00000000e1f00000, 0x00000000e1f00000, 0x00000000e2000000|  0%| F|  |TAMS 0x00000000e1f00000, 0x00000000e1f00000| Untracked 
|  32|0x00000000e2000000, 0x00000000e2000000, 0x00000000e2100000|  0%| F|  |TAMS 0x00000000e2000000, 0x00000000e2000000| Untracked 
|  33|0x00000000e2100000, 0x00000000e2100000, 0x00000000e2200000|  0%| F|  |TAMS 0x00000000e2100000, 0x00000000e2100000| Untracked 
|  34|0x00000000e2200000, 0x00000000e2200000, 0x00000000e2300000|  0%| F|  |TAMS 0x00000000e2200000, 0x00000000e2200000| Untracked 
|  35|0x00000000e2300000, 0x00000000e2300000, 0x00000000e2400000|  0%| F|  |TAMS 0x00000000e2300000, 0x00000000e2300000| Untracked 
|  36|0x00000000e2400000, 0x00000000e2400000, 0x00000000e2500000|  0%| F|  |TAMS 0x00000000e2400000, 0x00000000e2400000| Untracked 
|  37|0x00000000e2500000, 0x00000000e2500000, 0x00000000e2600000|  0%| F|  |TAMS 0x00000000e2500000, 0x00000000e2500000| Untracked 
|  38|0x00000000e2600000, 0x00000000e2600000, 0x00000000e2700000|  0%| F|  |TAMS 0x00000000e2600000, 0x00000000e2600000| Untracked 
|  39|0x00000000e2700000, 0x00000000e2700000, 0x00000000e2800000|  0%| F|  |TAMS 0x00000000e2700000, 0x00000000e2700000| Untracked 
|  40|0x00000000e2800000, 0x00000000e2800000, 0x00000000e2900000|  0%| F|  |TAMS 0x00000000e2800000, 0x00000000e2800000| Untracked 
|  41|0x00000000e2900000, 0x00000000e2900000, 0x00000000e2a00000|  0%| F|  |TAMS 0x00000000e2900000, 0x00000000e2900000| Untracked 
|  42|0x00000000e2a00000, 0x00000000e2a00000, 0x00000000e2b00000|  0%| F|  |TAMS 0x00000000e2a00000, 0x00000000e2a00000| Untracked 
|  43|0x00000000e2b00000, 0x00000000e2b00000, 0x00000000e2c00000|  0%| F|  |TAMS 0x00000000e2b00000, 0x00000000e2b00000| Untracked 
|  44|0x00000000e2c00000, 0x00000000e2c00000, 0x00000000e2d00000|  0%| F|  |TAMS 0x00000000e2c00000, 0x00000000e2c00000| Untracked 
|  45|0x00000000e2d00000, 0x00000000e2d00000, 0x00000000e2e00000|  0%| F|  |TAMS 0x00000000e2d00000, 0x00000000e2d00000| Untracked 
|  46|0x00000000e2e00000, 0x00000000e2e00000, 0x00000000e2f00000|  0%| F|  |TAMS 0x00000000e2e00000, 0x00000000e2e00000| Untracked 
|  47|0x00000000e2f00000, 0x00000000e2f00000, 0x00000000e3000000|  0%| F|  |TAMS 0x00000000e2f00000, 0x00000000e2f00000| Untracked 
|  48|0x00000000e3000000, 0x00000000e3000000, 0x00000000e3100000|  0%| F|  |TAMS 0x00000000e3000000, 0x00000000e3000000| Untracked 
|  49|0x00000000e3100000, 0x00000000e3100000, 0x00000000e3200000|  0%| F|  |TAMS 0x00000000e3100000, 0x00000000e3100000| Untracked 
|  50|0x00000000e3200000, 0x00000000e3200000, 0x00000000e3300000|  0%| F|  |TAMS 0x00000000e3200000, 0x00000000e3200000| Untracked 
|  51|0x00000000e3300000, 0x00000000e3300000, 0x00000000e3400000|  0%| F|  |TAMS 0x00000000e3300000, 0x00000000e3300000| Untracked 
|  52|0x00000000e3400000, 0x00000000e3400000, 0x00000000e3500000|  0%| F|  |TAMS 0x00000000e3400000, 0x00000000e3400000| Untracked 
|  53|0x00000000e3500000, 0x00000000e3500000, 0x00000000e3600000|  0%| F|  |TAMS 0x00000000e3500000, 0x00000000e3500000| Untracked 
|  54|0x00000000e3600000, 0x00000000e3600000, 0x00000000e3700000|  0%| F|  |TAMS 0x00000000e3600000, 0x00000000e3600000| Untracked 
|  55|0x00000000e3700000, 0x00000000e3700000, 0x00000000e3800000|  0%| F|  |TAMS 0x00000000e3700000, 0x00000000e3700000| Untracked 
|  56|0x00000000e3800000, 0x00000000e3800000, 0x00000000e3900000|  0%| F|  |TAMS 0x00000000e3800000, 0x00000000e3800000| Untracked 
|  57|0x00000000e3900000, 0x00000000e3900000, 0x00000000e3a00000|  0%| F|  |TAMS 0x00000000e3900000, 0x00000000e3900000| Untracked 
|  58|0x00000000e3a00000, 0x00000000e3a00000, 0x00000000e3b00000|  0%| F|  |TAMS 0x00000000e3a00000, 0x00000000e3a00000| Untracked 
|  59|0x00000000e3b00000, 0x00000000e3b00000, 0x00000000e3c00000|  0%| F|  |TAMS 0x00000000e3b00000, 0x00000000e3b00000| Untracked 
|  60|0x00000000e3c00000, 0x00000000e3c00000, 0x00000000e3d00000|  0%| F|  |TAMS 0x00000000e3c00000, 0x00000000e3c00000| Untracked 
|  61|0x00000000e3d00000, 0x00000000e3d00000, 0x00000000e3e00000|  0%| F|  |TAMS 0x00000000e3d00000, 0x00000000e3d00000| Untracked 
|  62|0x00000000e3e00000, 0x00000000e3e00000, 0x00000000e3f00000|  0%| F|  |TAMS 0x00000000e3e00000, 0x00000000e3e00000| Untracked 
|  63|0x00000000e3f00000, 0x00000000e3f00000, 0x00000000e4000000|  0%| F|  |TAMS 0x00000000e3f00000, 0x00000000e3f00000| Untracked 
|  64|0x00000000e4000000, 0x00000000e4000000, 0x00000000e4100000|  0%| F|  |TAMS 0x00000000e4000000, 0x00000000e4000000| Untracked 
|  65|0x00000000e4100000, 0x00000000e4100000, 0x00000000e4200000|  0%| F|  |TAMS 0x00000000e4100000, 0x00000000e4100000| Untracked 
|  66|0x00000000e4200000, 0x00000000e4200000, 0x00000000e4300000|  0%| F|  |TAMS 0x00000000e4200000, 0x00000000e4200000| Untracked 
|  67|0x00000000e4300000, 0x00000000e4300000, 0x00000000e4400000|  0%| F|  |TAMS 0x00000000e4300000, 0x00000000e4300000| Untracked 
|  68|0x00000000e4400000, 0x00000000e4400000, 0x00000000e4500000|  0%| F|  |TAMS 0x00000000e4400000, 0x00000000e4400000| Untracked 
|  69|0x00000000e4500000, 0x00000000e4500000, 0x00000000e4600000|  0%| F|  |TAMS 0x00000000e4500000, 0x00000000e4500000| Untracked 
|  70|0x00000000e4600000, 0x00000000e4600000, 0x00000000e4700000|  0%| F|  |TAMS 0x00000000e4600000, 0x00000000e4600000| Untracked 
|  71|0x00000000e4700000, 0x00000000e4700000, 0x00000000e4800000|  0%| F|  |TAMS 0x00000000e4700000, 0x00000000e4700000| Untracked 
|  72|0x00000000e4800000, 0x00000000e4800000, 0x00000000e4900000|  0%| F|  |TAMS 0x00000000e4800000, 0x00000000e4800000| Untracked 
|  73|0x00000000e4900000, 0x00000000e4900000, 0x00000000e4a00000|  0%| F|  |TAMS 0x00000000e4900000, 0x00000000e4900000| Untracked 
|  74|0x00000000e4a00000, 0x00000000e4a00000, 0x00000000e4b00000|  0%| F|  |TAMS 0x00000000e4a00000, 0x00000000e4a00000| Untracked 
|  75|0x00000000e4b00000, 0x00000000e4b00000, 0x00000000e4c00000|  0%| F|  |TAMS 0x00000000e4b00000, 0x00000000e4b00000| Untracked 
|  76|0x00000000e4c00000, 0x00000000e4c00000, 0x00000000e4d00000|  0%| F|  |TAMS 0x00000000e4c00000, 0x00000000e4c00000| Untracked 
|  77|0x00000000e4d00000, 0x00000000e4d00000, 0x00000000e4e00000|  0%| F|  |TAMS 0x00000000e4d00000, 0x00000000e4d00000| Untracked 
|  78|0x00000000e4e00000, 0x00000000e4e00000, 0x00000000e4f00000|  0%| F|  |TAMS 0x00000000e4e00000, 0x00000000e4e00000| Untracked 
|  79|0x00000000e4f00000, 0x00000000e4f00000, 0x00000000e5000000|  0%| F|  |TAMS 0x00000000e4f00000, 0x00000000e4f00000| Untracked 
|  80|0x00000000e5000000, 0x00000000e5000000, 0x00000000e5100000|  0%| F|  |TAMS 0x00000000e5000000, 0x00000000e5000000| Untracked 
|  81|0x00000000e5100000, 0x00000000e5100000, 0x00000000e5200000|  0%| F|  |TAMS 0x00000000e5100000, 0x00000000e5100000| Untracked 
|  82|0x00000000e5200000, 0x00000000e5200000, 0x00000000e5300000|  0%| F|  |TAMS 0x00000000e5200000, 0x00000000e5200000| Untracked 
|  83|0x00000000e5300000, 0x00000000e5300000, 0x00000000e5400000|  0%| F|  |TAMS 0x00000000e5300000, 0x00000000e5300000| Untracked 
|  84|0x00000000e5400000, 0x00000000e5400000, 0x00000000e5500000|  0%| F|  |TAMS 0x00000000e5400000, 0x00000000e5400000| Untracked 
|  85|0x00000000e5500000, 0x00000000e5500000, 0x00000000e5600000|  0%| F|  |TAMS 0x00000000e5500000, 0x00000000e5500000| Untracked 
|  86|0x00000000e5600000, 0x00000000e5600000, 0x00000000e5700000|  0%| F|  |TAMS 0x00000000e5600000, 0x00000000e5600000| Untracked 
|  87|0x00000000e5700000, 0x00000000e5700000, 0x00000000e5800000|  0%| F|  |TAMS 0x00000000e5700000, 0x00000000e5700000| Untracked 
|  88|0x00000000e5800000, 0x00000000e5800000, 0x00000000e5900000|  0%| F|  |TAMS 0x00000000e5800000, 0x00000000e5800000| Untracked 
|  89|0x00000000e5900000, 0x00000000e5900000, 0x00000000e5a00000|  0%| F|  |TAMS 0x00000000e5900000, 0x00000000e5900000| Untracked 
|  90|0x00000000e5a00000, 0x00000000e5a00000, 0x00000000e5b00000|  0%| F|  |TAMS 0x00000000e5a00000, 0x00000000e5a00000| Untracked 
|  91|0x00000000e5b00000, 0x00000000e5b00000, 0x00000000e5c00000|  0%| F|  |TAMS 0x00000000e5b00000, 0x00000000e5b00000| Untracked 
|  92|0x00000000e5c00000, 0x00000000e5c00000, 0x00000000e5d00000|  0%| F|  |TAMS 0x00000000e5c00000, 0x00000000e5c00000| Untracked 
|  93|0x00000000e5d00000, 0x00000000e5d00000, 0x00000000e5e00000|  0%| F|  |TAMS 0x00000000e5d00000, 0x00000000e5d00000| Untracked 
|  94|0x00000000e5e00000, 0x00000000e5e00000, 0x00000000e5f00000|  0%| F|  |TAMS 0x00000000e5e00000, 0x00000000e5e00000| Untracked 
|  95|0x00000000e5f00000, 0x00000000e5f00000, 0x00000000e6000000|  0%| F|  |TAMS 0x00000000e5f00000, 0x00000000e5f00000| Untracked 
|  96|0x00000000e6000000, 0x00000000e6000000, 0x00000000e6100000|  0%| F|  |TAMS 0x00000000e6000000, 0x00000000e6000000| Untracked 
|  97|0x00000000e6100000, 0x00000000e6100000, 0x00000000e6200000|  0%| F|  |TAMS 0x00000000e6100000, 0x00000000e6100000| Untracked 
|  98|0x00000000e6200000, 0x00000000e6200000, 0x00000000e6300000|  0%| F|  |TAMS 0x00000000e6200000, 0x00000000e6200000| Untracked 
|  99|0x00000000e6300000, 0x00000000e6300000, 0x00000000e6400000|  0%| F|  |TAMS 0x00000000e6300000, 0x00000000e6300000| Untracked 
| 100|0x00000000e6400000, 0x00000000e6400000, 0x00000000e6500000|  0%| F|  |TAMS 0x00000000e6400000, 0x00000000e6400000| Untracked 
| 101|0x00000000e6500000, 0x00000000e6500000, 0x00000000e6600000|  0%| F|  |TAMS 0x00000000e6500000, 0x00000000e6500000| Untracked 
| 102|0x00000000e6600000, 0x00000000e6600000, 0x00000000e6700000|  0%| F|  |TAMS 0x00000000e6600000, 0x00000000e6600000| Untracked 
| 103|0x00000000e6700000, 0x00000000e6700000, 0x00000000e6800000|  0%| F|  |TAMS 0x00000000e6700000, 0x00000000e6700000| Untracked 
| 104|0x00000000e6800000, 0x00000000e6800000, 0x00000000e6900000|  0%| F|  |TAMS 0x00000000e6800000, 0x00000000e6800000| Untracked 
| 105|0x00000000e6900000, 0x00000000e6900000, 0x00000000e6a00000|  0%| F|  |TAMS 0x00000000e6900000, 0x00000000e6900000| Untracked 
| 106|0x00000000e6a00000, 0x00000000e6a00000, 0x00000000e6b00000|  0%| F|  |TAMS 0x00000000e6a00000, 0x00000000e6a00000| Untracked 
| 107|0x00000000e6b00000, 0x00000000e6b00000, 0x00000000e6c00000|  0%| F|  |TAMS 0x00000000e6b00000, 0x00000000e6b00000| Untracked 
| 108|0x00000000e6c00000, 0x00000000e6c00000, 0x00000000e6d00000|  0%| F|  |TAMS 0x00000000e6c00000, 0x00000000e6c00000| Untracked 
| 109|0x00000000e6d00000, 0x00000000e6d00000, 0x00000000e6e00000|  0%| F|  |TAMS 0x00000000e6d00000, 0x00000000e6d00000| Untracked 
| 110|0x00000000e6e00000, 0x00000000e6e00000, 0x00000000e6f00000|  0%| F|  |TAMS 0x00000000e6e00000, 0x00000000e6e00000| Untracked 
| 111|0x00000000e6f00000, 0x00000000e6f00000, 0x00000000e7000000|  0%| F|  |TAMS 0x00000000e6f00000, 0x00000000e6f00000| Untracked 
| 112|0x00000000e7000000, 0x00000000e7000000, 0x00000000e7100000|  0%| F|  |TAMS 0x00000000e7000000, 0x00000000e7000000| Untracked 
| 113|0x00000000e7100000, 0x00000000e7100000, 0x00000000e7200000|  0%| F|  |TAMS 0x00000000e7100000, 0x00000000e7100000| Untracked 
| 114|0x00000000e7200000, 0x00000000e7200000, 0x00000000e7300000|  0%| F|  |TAMS 0x00000000e7200000, 0x00000000e7200000| Untracked 
| 115|0x00000000e7300000, 0x00000000e7300000, 0x00000000e7400000|  0%| F|  |TAMS 0x00000000e7300000, 0x00000000e7300000| Untracked 
| 116|0x00000000e7400000, 0x00000000e7400000, 0x00000000e7500000|  0%| F|  |TAMS 0x00000000e7400000, 0x00000000e7400000| Untracked 
| 117|0x00000000e7500000, 0x00000000e75d9300, 0x00000000e7600000| 84%| S|CS|TAMS 0x00000000e7500000, 0x00000000e7500000| Complete 
| 118|0x00000000e7600000, 0x00000000e7700000, 0x00000000e7700000|100%| S|CS|TAMS 0x00000000e7600000, 0x00000000e7600000| Complete 
| 119|0x00000000e7700000, 0x00000000e7800000, 0x00000000e7800000|100%| S|CS|TAMS 0x00000000e7700000, 0x00000000e7700000| Complete 
| 120|0x00000000e7800000, 0x00000000e7900000, 0x00000000e7900000|100%| S|CS|TAMS 0x00000000e7800000, 0x00000000e7800000| Complete 
| 121|0x00000000e7900000, 0x00000000e7a00000, 0x00000000e7a00000|100%| S|CS|TAMS 0x00000000e7900000, 0x00000000e7900000| Complete 
| 122|0x00000000e7a00000, 0x00000000e7b00000, 0x00000000e7b00000|100%| S|CS|TAMS 0x00000000e7a00000, 0x00000000e7a00000| Complete 
| 123|0x00000000e7b00000, 0x00000000e7c00000, 0x00000000e7c00000|100%| S|CS|TAMS 0x00000000e7b00000, 0x00000000e7b00000| Complete 
| 124|0x00000000e7c00000, 0x00000000e7d00000, 0x00000000e7d00000|100%| S|CS|TAMS 0x00000000e7c00000, 0x00000000e7c00000| Complete 
| 125|0x00000000e7d00000, 0x00000000e7e00000, 0x00000000e7e00000|100%| S|CS|TAMS 0x00000000e7d00000, 0x00000000e7d00000| Complete 
| 126|0x00000000e7e00000, 0x00000000e7f00000, 0x00000000e7f00000|100%| S|CS|TAMS 0x00000000e7e00000, 0x00000000e7e00000| Complete 
| 127|0x00000000e7f00000, 0x00000000e8000000, 0x00000000e8000000|100%| S|CS|TAMS 0x00000000e7f00000, 0x00000000e7f00000| Complete 
| 128|0x00000000e8000000, 0x00000000e8100000, 0x00000000e8100000|100%| S|CS|TAMS 0x00000000e8000000, 0x00000000e8000000| Complete 
| 129|0x00000000e8100000, 0x00000000e8100000, 0x00000000e8200000|  0%| F|  |TAMS 0x00000000e8100000, 0x00000000e8100000| Untracked 
| 130|0x00000000e8200000, 0x00000000e8200000, 0x00000000e8300000|  0%| F|  |TAMS 0x00000000e8200000, 0x00000000e8200000| Untracked 
| 131|0x00000000e8300000, 0x00000000e8300000, 0x00000000e8400000|  0%| F|  |TAMS 0x00000000e8300000, 0x00000000e8300000| Untracked 
| 132|0x00000000e8400000, 0x00000000e8400000, 0x00000000e8500000|  0%| F|  |TAMS 0x00000000e8400000, 0x00000000e8400000| Untracked 
| 133|0x00000000e8500000, 0x00000000e8500000, 0x00000000e8600000|  0%| F|  |TAMS 0x00000000e8500000, 0x00000000e8500000| Untracked 
| 134|0x00000000e8600000, 0x00000000e8600000, 0x00000000e8700000|  0%| F|  |TAMS 0x00000000e8600000, 0x00000000e8600000| Untracked 
| 135|0x00000000e8700000, 0x00000000e8700000, 0x00000000e8800000|  0%| F|  |TAMS 0x00000000e8700000, 0x00000000e8700000| Untracked 
| 136|0x00000000e8800000, 0x00000000e8800000, 0x00000000e8900000|  0%| F|  |TAMS 0x00000000e8800000, 0x00000000e8800000| Untracked 
| 137|0x00000000e8900000, 0x00000000e8900000, 0x00000000e8a00000|  0%| F|  |TAMS 0x00000000e8900000, 0x00000000e8900000| Untracked 
| 138|0x00000000e8a00000, 0x00000000e8a00000, 0x00000000e8b00000|  0%| F|  |TAMS 0x00000000e8a00000, 0x00000000e8a00000| Untracked 
| 139|0x00000000e8b00000, 0x00000000e8b00000, 0x00000000e8c00000|  0%| F|  |TAMS 0x00000000e8b00000, 0x00000000e8b00000| Untracked 
| 140|0x00000000e8c00000, 0x00000000e8c00000, 0x00000000e8d00000|  0%| F|  |TAMS 0x00000000e8c00000, 0x00000000e8c00000| Untracked 
| 141|0x00000000e8d00000, 0x00000000e8d00000, 0x00000000e8e00000|  0%| F|  |TAMS 0x00000000e8d00000, 0x00000000e8d00000| Untracked 
| 142|0x00000000e8e00000, 0x00000000e8e00000, 0x00000000e8f00000|  0%| F|  |TAMS 0x00000000e8e00000, 0x00000000e8e00000| Untracked 
| 143|0x00000000e8f00000, 0x00000000e8f00000, 0x00000000e9000000|  0%| F|  |TAMS 0x00000000e8f00000, 0x00000000e8f00000| Untracked 
| 144|0x00000000e9000000, 0x00000000e9000000, 0x00000000e9100000|  0%| F|  |TAMS 0x00000000e9000000, 0x00000000e9000000| Untracked 
| 145|0x00000000e9100000, 0x00000000e9100000, 0x00000000e9200000|  0%| F|  |TAMS 0x00000000e9100000, 0x00000000e9100000| Untracked 
| 146|0x00000000e9200000, 0x00000000e9200000, 0x00000000e9300000|  0%| F|  |TAMS 0x00000000e9200000, 0x00000000e9200000| Untracked 
| 147|0x00000000e9300000, 0x00000000e9300000, 0x00000000e9400000|  0%| F|  |TAMS 0x00000000e9300000, 0x00000000e9300000| Untracked 
| 148|0x00000000e9400000, 0x00000000e9400000, 0x00000000e9500000|  0%| F|  |TAMS 0x00000000e9400000, 0x00000000e9400000| Untracked 
| 149|0x00000000e9500000, 0x00000000e9500000, 0x00000000e9600000|  0%| F|  |TAMS 0x00000000e9500000, 0x00000000e9500000| Untracked 
| 150|0x00000000e9600000, 0x00000000e9600000, 0x00000000e9700000|  0%| F|  |TAMS 0x00000000e9600000, 0x00000000e9600000| Untracked 
| 151|0x00000000e9700000, 0x00000000e9700000, 0x00000000e9800000|  0%| F|  |TAMS 0x00000000e9700000, 0x00000000e9700000| Untracked 
| 152|0x00000000e9800000, 0x00000000e9800000, 0x00000000e9900000|  0%| F|  |TAMS 0x00000000e9800000, 0x00000000e9800000| Untracked 
| 153|0x00000000e9900000, 0x00000000e9900000, 0x00000000e9a00000|  0%| F|  |TAMS 0x00000000e9900000, 0x00000000e9900000| Untracked 
| 154|0x00000000e9a00000, 0x00000000e9a00000, 0x00000000e9b00000|  0%| F|  |TAMS 0x00000000e9a00000, 0x00000000e9a00000| Untracked 
| 155|0x00000000e9b00000, 0x00000000e9b00000, 0x00000000e9c00000|  0%| F|  |TAMS 0x00000000e9b00000, 0x00000000e9b00000| Untracked 
| 156|0x00000000e9c00000, 0x00000000e9c00000, 0x00000000e9d00000|  0%| F|  |TAMS 0x00000000e9c00000, 0x00000000e9c00000| Untracked 
| 157|0x00000000e9d00000, 0x00000000e9d00000, 0x00000000e9e00000|  0%| F|  |TAMS 0x00000000e9d00000, 0x00000000e9d00000| Untracked 
| 158|0x00000000e9e00000, 0x00000000e9e00000, 0x00000000e9f00000|  0%| F|  |TAMS 0x00000000e9e00000, 0x00000000e9e00000| Untracked 
| 159|0x00000000e9f00000, 0x00000000e9f00000, 0x00000000ea000000|  0%| F|  |TAMS 0x00000000e9f00000, 0x00000000e9f00000| Untracked 
| 160|0x00000000ea000000, 0x00000000ea000000, 0x00000000ea100000|  0%| F|  |TAMS 0x00000000ea000000, 0x00000000ea000000| Untracked 
| 161|0x00000000ea100000, 0x00000000ea100000, 0x00000000ea200000|  0%| F|  |TAMS 0x00000000ea100000, 0x00000000ea100000| Untracked 
| 162|0x00000000ea200000, 0x00000000ea200000, 0x00000000ea300000|  0%| F|  |TAMS 0x00000000ea200000, 0x00000000ea200000| Untracked 
| 163|0x00000000ea300000, 0x00000000ea300000, 0x00000000ea400000|  0%| F|  |TAMS 0x00000000ea300000, 0x00000000ea300000| Untracked 
| 164|0x00000000ea400000, 0x00000000ea400000, 0x00000000ea500000|  0%| F|  |TAMS 0x00000000ea400000, 0x00000000ea400000| Untracked 
| 165|0x00000000ea500000, 0x00000000ea500000, 0x00000000ea600000|  0%| F|  |TAMS 0x00000000ea500000, 0x00000000ea500000| Untracked 
| 166|0x00000000ea600000, 0x00000000ea600000, 0x00000000ea700000|  0%| F|  |TAMS 0x00000000ea600000, 0x00000000ea600000| Untracked 
| 167|0x00000000ea700000, 0x00000000ea700000, 0x00000000ea800000|  0%| F|  |TAMS 0x00000000ea700000, 0x00000000ea700000| Untracked 
| 168|0x00000000ea800000, 0x00000000ea800000, 0x00000000ea900000|  0%| F|  |TAMS 0x00000000ea800000, 0x00000000ea800000| Untracked 
| 169|0x00000000ea900000, 0x00000000ea900000, 0x00000000eaa00000|  0%| F|  |TAMS 0x00000000ea900000, 0x00000000ea900000| Untracked 
| 170|0x00000000eaa00000, 0x00000000eaa00000, 0x00000000eab00000|  0%| F|  |TAMS 0x00000000eaa00000, 0x00000000eaa00000| Untracked 
| 171|0x00000000eab00000, 0x00000000eab00000, 0x00000000eac00000|  0%| F|  |TAMS 0x00000000eab00000, 0x00000000eab00000| Untracked 
| 172|0x00000000eac00000, 0x00000000eac00000, 0x00000000ead00000|  0%| F|  |TAMS 0x00000000eac00000, 0x00000000eac00000| Untracked 
| 173|0x00000000ead00000, 0x00000000ead00000, 0x00000000eae00000|  0%| F|  |TAMS 0x00000000ead00000, 0x00000000ead00000| Untracked 
| 174|0x00000000eae00000, 0x00000000eae00000, 0x00000000eaf00000|  0%| F|  |TAMS 0x00000000eae00000, 0x00000000eae00000| Untracked 
| 175|0x00000000eaf00000, 0x00000000eaf00000, 0x00000000eb000000|  0%| F|  |TAMS 0x00000000eaf00000, 0x00000000eaf00000| Untracked 
| 176|0x00000000eb000000, 0x00000000eb000000, 0x00000000eb100000|  0%| F|  |TAMS 0x00000000eb000000, 0x00000000eb000000| Untracked 
| 177|0x00000000eb100000, 0x00000000eb100000, 0x00000000eb200000|  0%| F|  |TAMS 0x00000000eb100000, 0x00000000eb100000| Untracked 
| 178|0x00000000eb200000, 0x00000000eb200000, 0x00000000eb300000|  0%| F|  |TAMS 0x00000000eb200000, 0x00000000eb200000| Untracked 
| 179|0x00000000eb300000, 0x00000000eb300000, 0x00000000eb400000|  0%| F|  |TAMS 0x00000000eb300000, 0x00000000eb300000| Untracked 
| 180|0x00000000eb400000, 0x00000000eb400000, 0x00000000eb500000|  0%| F|  |TAMS 0x00000000eb400000, 0x00000000eb400000| Untracked 
| 181|0x00000000eb500000, 0x00000000eb500000, 0x00000000eb600000|  0%| F|  |TAMS 0x00000000eb500000, 0x00000000eb500000| Untracked 
| 182|0x00000000eb600000, 0x00000000eb600000, 0x00000000eb700000|  0%| F|  |TAMS 0x00000000eb600000, 0x00000000eb600000| Untracked 
| 183|0x00000000eb700000, 0x00000000eb700000, 0x00000000eb800000|  0%| F|  |TAMS 0x00000000eb700000, 0x00000000eb700000| Untracked 
| 184|0x00000000eb800000, 0x00000000eb800000, 0x00000000eb900000|  0%| F|  |TAMS 0x00000000eb800000, 0x00000000eb800000| Untracked 
| 185|0x00000000eb900000, 0x00000000eb900000, 0x00000000eba00000|  0%| F|  |TAMS 0x00000000eb900000, 0x00000000eb900000| Untracked 
| 186|0x00000000eba00000, 0x00000000eba00000, 0x00000000ebb00000|  0%| F|  |TAMS 0x00000000eba00000, 0x00000000eba00000| Untracked 
| 187|0x00000000ebb00000, 0x00000000ebb00000, 0x00000000ebc00000|  0%| F|  |TAMS 0x00000000ebb00000, 0x00000000ebb00000| Untracked 
| 188|0x00000000ebc00000, 0x00000000ebc00000, 0x00000000ebd00000|  0%| F|  |TAMS 0x00000000ebc00000, 0x00000000ebc00000| Untracked 
| 189|0x00000000ebd00000, 0x00000000ebd00000, 0x00000000ebe00000|  0%| F|  |TAMS 0x00000000ebd00000, 0x00000000ebd00000| Untracked 
| 190|0x00000000ebe00000, 0x00000000ebe00000, 0x00000000ebf00000|  0%| F|  |TAMS 0x00000000ebe00000, 0x00000000ebe00000| Untracked 
| 191|0x00000000ebf00000, 0x00000000ebf00000, 0x00000000ec000000|  0%| F|  |TAMS 0x00000000ebf00000, 0x00000000ebf00000| Untracked 
| 192|0x00000000ec000000, 0x00000000ec000000, 0x00000000ec100000|  0%| F|  |TAMS 0x00000000ec000000, 0x00000000ec000000| Untracked 
| 193|0x00000000ec100000, 0x00000000ec100000, 0x00000000ec200000|  0%| F|  |TAMS 0x00000000ec100000, 0x00000000ec100000| Untracked 
| 194|0x00000000ec200000, 0x00000000ec200000, 0x00000000ec300000|  0%| F|  |TAMS 0x00000000ec200000, 0x00000000ec200000| Untracked 
| 195|0x00000000ec300000, 0x00000000ec300000, 0x00000000ec400000|  0%| F|  |TAMS 0x00000000ec300000, 0x00000000ec300000| Untracked 
| 196|0x00000000ec400000, 0x00000000ec400000, 0x00000000ec500000|  0%| F|  |TAMS 0x00000000ec400000, 0x00000000ec400000| Untracked 
| 197|0x00000000ec500000, 0x00000000ec500000, 0x00000000ec600000|  0%| F|  |TAMS 0x00000000ec500000, 0x00000000ec500000| Untracked 
| 198|0x00000000ec600000, 0x00000000ec600000, 0x00000000ec700000|  0%| F|  |TAMS 0x00000000ec600000, 0x00000000ec600000| Untracked 
| 199|0x00000000ec700000, 0x00000000ec700000, 0x00000000ec800000|  0%| F|  |TAMS 0x00000000ec700000, 0x00000000ec700000| Untracked 
| 200|0x00000000ec800000, 0x00000000ec800000, 0x00000000ec900000|  0%| F|  |TAMS 0x00000000ec800000, 0x00000000ec800000| Untracked 
| 201|0x00000000ec900000, 0x00000000ec900000, 0x00000000eca00000|  0%| F|  |TAMS 0x00000000ec900000, 0x00000000ec900000| Untracked 
| 202|0x00000000eca00000, 0x00000000eca00000, 0x00000000ecb00000|  0%| F|  |TAMS 0x00000000eca00000, 0x00000000eca00000| Untracked 
| 203|0x00000000ecb00000, 0x00000000ecb80d10, 0x00000000ecc00000| 50%| E|  |TAMS 0x00000000ecb00000, 0x00000000ecb00000| Complete 
| 204|0x00000000ecc00000, 0x00000000ecd00000, 0x00000000ecd00000|100%| E|CS|TAMS 0x00000000ecc00000, 0x00000000ecc00000| Complete 
| 205|0x00000000ecd00000, 0x00000000ece00000, 0x00000000ece00000|100%| E|CS|TAMS 0x00000000ecd00000, 0x00000000ecd00000| Complete 
| 206|0x00000000ece00000, 0x00000000ecf00000, 0x00000000ecf00000|100%| E|CS|TAMS 0x00000000ece00000, 0x00000000ece00000| Complete 
| 207|0x00000000ecf00000, 0x00000000ed000000, 0x00000000ed000000|100%| E|CS|TAMS 0x00000000ecf00000, 0x00000000ecf00000| Complete 
| 208|0x00000000ed000000, 0x00000000ed100000, 0x00000000ed100000|100%| E|CS|TAMS 0x00000000ed000000, 0x00000000ed000000| Complete 
| 209|0x00000000ed100000, 0x00000000ed200000, 0x00000000ed200000|100%| E|CS|TAMS 0x00000000ed100000, 0x00000000ed100000| Complete 
| 210|0x00000000ed200000, 0x00000000ed300000, 0x00000000ed300000|100%| E|CS|TAMS 0x00000000ed200000, 0x00000000ed200000| Complete 
| 211|0x00000000ed300000, 0x00000000ed400000, 0x00000000ed400000|100%| E|CS|TAMS 0x00000000ed300000, 0x00000000ed300000| Complete 
| 212|0x00000000ed400000, 0x00000000ed500000, 0x00000000ed500000|100%| E|CS|TAMS 0x00000000ed400000, 0x00000000ed400000| Complete 
| 213|0x00000000ed500000, 0x00000000ed600000, 0x00000000ed600000|100%| E|CS|TAMS 0x00000000ed500000, 0x00000000ed500000| Complete 
| 214|0x00000000ed600000, 0x00000000ed700000, 0x00000000ed700000|100%| E|CS|TAMS 0x00000000ed600000, 0x00000000ed600000| Complete 
| 215|0x00000000ed700000, 0x00000000ed800000, 0x00000000ed800000|100%| E|CS|TAMS 0x00000000ed700000, 0x00000000ed700000| Complete 
| 216|0x00000000ed800000, 0x00000000ed900000, 0x00000000ed900000|100%| E|CS|TAMS 0x00000000ed800000, 0x00000000ed800000| Complete 
| 217|0x00000000ed900000, 0x00000000eda00000, 0x00000000eda00000|100%| E|CS|TAMS 0x00000000ed900000, 0x00000000ed900000| Complete 
| 218|0x00000000eda00000, 0x00000000edb00000, 0x00000000edb00000|100%| E|CS|TAMS 0x00000000eda00000, 0x00000000eda00000| Complete 
| 219|0x00000000edb00000, 0x00000000edc00000, 0x00000000edc00000|100%| E|CS|TAMS 0x00000000edb00000, 0x00000000edb00000| Complete 
| 220|0x00000000edc00000, 0x00000000edd00000, 0x00000000edd00000|100%| E|CS|TAMS 0x00000000edc00000, 0x00000000edc00000| Complete 
| 221|0x00000000edd00000, 0x00000000ede00000, 0x00000000ede00000|100%| E|CS|TAMS 0x00000000edd00000, 0x00000000edd00000| Complete 
| 222|0x00000000ede00000, 0x00000000edf00000, 0x00000000edf00000|100%| E|CS|TAMS 0x00000000ede00000, 0x00000000ede00000| Complete 
| 223|0x00000000edf00000, 0x00000000ee000000, 0x00000000ee000000|100%| E|CS|TAMS 0x00000000edf00000, 0x00000000edf00000| Complete 
| 224|0x00000000ee000000, 0x00000000ee100000, 0x00000000ee100000|100%| E|CS|TAMS 0x00000000ee000000, 0x00000000ee000000| Complete 
| 225|0x00000000ee100000, 0x00000000ee200000, 0x00000000ee200000|100%| E|CS|TAMS 0x00000000ee100000, 0x00000000ee100000| Complete 
| 226|0x00000000ee200000, 0x00000000ee300000, 0x00000000ee300000|100%| E|CS|TAMS 0x00000000ee200000, 0x00000000ee200000| Complete 
| 227|0x00000000ee300000, 0x00000000ee400000, 0x00000000ee400000|100%| E|CS|TAMS 0x00000000ee300000, 0x00000000ee300000| Complete 
| 228|0x00000000ee400000, 0x00000000ee500000, 0x00000000ee500000|100%| E|CS|TAMS 0x00000000ee400000, 0x00000000ee400000| Complete 
| 229|0x00000000ee500000, 0x00000000ee600000, 0x00000000ee600000|100%| E|CS|TAMS 0x00000000ee500000, 0x00000000ee500000| Complete 
| 230|0x00000000ee600000, 0x00000000ee700000, 0x00000000ee700000|100%| E|CS|TAMS 0x00000000ee600000, 0x00000000ee600000| Complete 
| 231|0x00000000ee700000, 0x00000000ee800000, 0x00000000ee800000|100%| E|CS|TAMS 0x00000000ee700000, 0x00000000ee700000| Complete 
| 232|0x00000000ee800000, 0x00000000ee900000, 0x00000000ee900000|100%| E|CS|TAMS 0x00000000ee800000, 0x00000000ee800000| Complete 
| 233|0x00000000ee900000, 0x00000000eea00000, 0x00000000eea00000|100%| E|CS|TAMS 0x00000000ee900000, 0x00000000ee900000| Complete 
| 234|0x00000000eea00000, 0x00000000eeb00000, 0x00000000eeb00000|100%| E|CS|TAMS 0x00000000eea00000, 0x00000000eea00000| Complete 
| 235|0x00000000eeb00000, 0x00000000eec00000, 0x00000000eec00000|100%| E|CS|TAMS 0x00000000eeb00000, 0x00000000eeb00000| Complete 
| 236|0x00000000eec00000, 0x00000000eed00000, 0x00000000eed00000|100%| E|CS|TAMS 0x00000000eec00000, 0x00000000eec00000| Complete 
| 237|0x00000000eed00000, 0x00000000eee00000, 0x00000000eee00000|100%| E|CS|TAMS 0x00000000eed00000, 0x00000000eed00000| Complete 
| 238|0x00000000eee00000, 0x00000000eef00000, 0x00000000eef00000|100%| E|CS|TAMS 0x00000000eee00000, 0x00000000eee00000| Complete 
| 239|0x00000000eef00000, 0x00000000ef000000, 0x00000000ef000000|100%| E|CS|TAMS 0x00000000eef00000, 0x00000000eef00000| Complete 
| 240|0x00000000ef000000, 0x00000000ef100000, 0x00000000ef100000|100%| E|CS|TAMS 0x00000000ef000000, 0x00000000ef000000| Complete 
| 241|0x00000000ef100000, 0x00000000ef200000, 0x00000000ef200000|100%| E|CS|TAMS 0x00000000ef100000, 0x00000000ef100000| Complete 
| 242|0x00000000ef200000, 0x00000000ef300000, 0x00000000ef300000|100%| E|CS|TAMS 0x00000000ef200000, 0x00000000ef200000| Complete 
| 243|0x00000000ef300000, 0x00000000ef400000, 0x00000000ef400000|100%| E|CS|TAMS 0x00000000ef300000, 0x00000000ef300000| Complete 
| 244|0x00000000ef400000, 0x00000000ef500000, 0x00000000ef500000|100%| E|CS|TAMS 0x00000000ef400000, 0x00000000ef400000| Complete 
| 245|0x00000000ef500000, 0x00000000ef600000, 0x00000000ef600000|100%| E|CS|TAMS 0x00000000ef500000, 0x00000000ef500000| Complete 
| 246|0x00000000ef600000, 0x00000000ef700000, 0x00000000ef700000|100%| E|CS|TAMS 0x00000000ef600000, 0x00000000ef600000| Complete 
| 247|0x00000000ef700000, 0x00000000ef800000, 0x00000000ef800000|100%| E|CS|TAMS 0x00000000ef700000, 0x00000000ef700000| Complete 
| 248|0x00000000ef800000, 0x00000000ef900000, 0x00000000ef900000|100%| E|CS|TAMS 0x00000000ef800000, 0x00000000ef800000| Complete 
| 249|0x00000000ef900000, 0x00000000efa00000, 0x00000000efa00000|100%| E|CS|TAMS 0x00000000ef900000, 0x00000000ef900000| Complete 
| 250|0x00000000efa00000, 0x00000000efb00000, 0x00000000efb00000|100%| E|CS|TAMS 0x00000000efa00000, 0x00000000efa00000| Complete 
| 251|0x00000000efb00000, 0x00000000efc00000, 0x00000000efc00000|100%| E|CS|TAMS 0x00000000efb00000, 0x00000000efb00000| Complete 
| 252|0x00000000efc00000, 0x00000000efd00000, 0x00000000efd00000|100%| E|CS|TAMS 0x00000000efc00000, 0x00000000efc00000| Complete 
| 253|0x00000000efd00000, 0x00000000efe00000, 0x00000000efe00000|100%| E|CS|TAMS 0x00000000efd00000, 0x00000000efd00000| Complete 
| 254|0x00000000efe00000, 0x00000000eff00000, 0x00000000eff00000|100%| E|CS|TAMS 0x00000000efe00000, 0x00000000efe00000| Complete 
| 255|0x00000000eff00000, 0x00000000f0000000, 0x00000000f0000000|100%| E|CS|TAMS 0x00000000eff00000, 0x00000000eff00000| Complete 

Card table byte_map: [0x000001dcfc700000,0x000001dcfc800000] _byte_map_base: 0x000001dcfc000000

Marking Bits (Prev, Next): (CMBitMap*) 0x000001dce5afd660, (CMBitMap*) 0x000001dce5afd620
 Prev Bits: [0x000001dcfd100000, 0x000001dcfd900000)
 Next Bits: [0x000001dcfc900000, 0x000001dcfd100000)

Polling page: 0x000001dce3a10000

Metaspace:

Usage:
  Non-class:     23.39 MB used.
      Class:      4.08 MB used.
       Both:     27.47 MB used.

Virtual space:
  Non-class space:       24.00 MB reserved,      23.56 MB ( 98%) committed,  3 nodes.
      Class space:      308.00 MB reserved,       4.25 MB (  1%) committed,  1 nodes.
             Both:      332.00 MB reserved,      27.81 MB (  8%) committed. 

Chunk freelists:
   Non-Class:  384.00 KB
       Class:  3.77 MB
        Both:  4.14 MB

MaxMetaspaceSize: 384.00 MB
CompressedClassSpaceSize: 308.00 MB
Initial GC threshold: 21.00 MB
Current GC threshold: 35.25 MB
CDS: on
MetaspaceReclaimPolicy: balanced
 - commit_granule_bytes: 65536.
 - commit_granule_words: 8192.
 - virtual_space_node_default_size: 1048576.
 - enlarge_chunks_in_place: 1.
 - new_chunks_are_fully_committed: 0.
 - uncommit_free_chunks: 1.
 - use_allocation_guard: 0.
 - handle_deallocations: 1.


Internal statistics:

num_allocs_failed_limit: 3.
num_arena_births: 322.
num_arena_deaths: 0.
num_vsnodes_births: 4.
num_vsnodes_deaths: 0.
num_space_committed: 445.
num_space_uncommitted: 0.
num_chunks_returned_to_freelist: 3.
num_chunks_taken_from_freelist: 1429.
num_chunk_merges: 3.
num_chunk_splits: 927.
num_chunks_enlarged: 635.
num_purges: 0.
num_inconsistent_stats: 0.

CodeHeap 'non-profiled nmethods': size=120000Kb used=1601Kb max_used=1601Kb free=118398Kb
 bounds [0x000001dcf4d90000, 0x000001dcf5000000, 0x000001dcfc2c0000]
CodeHeap 'profiled nmethods': size=120000Kb used=6916Kb max_used=6916Kb free=113083Kb
 bounds [0x000001dced860000, 0x000001dcedf30000, 0x000001dcf4d90000]
CodeHeap 'non-nmethods': size=5760Kb used=1243Kb max_used=1313Kb free=4516Kb
 bounds [0x000001dced2c0000, 0x000001dced530000, 0x000001dced860000]
 total_blobs=3764 nmethods=3210 adapters=465
 compilation: enabled
              stopped_count=0, restarted_count=0
 full_count=0

Compilation events (20 events):
Event: 13.409 Thread 0x000001dc803c3bb0 3243       1       java.util.Spliterators$ArraySpliterator::characteristics (5 bytes)
Event: 13.409 Thread 0x000001dc803c3bb0 nmethod 3243 0x000001dcf4f20190 code [0x000001dcf4f20320, 0x000001dcf4f203f8]
Event: 13.414 Thread 0x000001dc803c3bb0 3245       2       org.codehaus.groovy.util.ManagedReference::<init> (40 bytes)
Event: 13.415 Thread 0x000001dc803c3bb0 nmethod 3245 0x000001dcedf1e210 code [0x000001dcedf1e3c0, 0x000001dcedf1e618]
Event: 13.416 Thread 0x000001dc803c3bb0 3246       2       org.codehaus.groovy.util.ManagedReference::<init> (14 bytes)
Event: 13.416 Thread 0x000001dc803c3bb0 nmethod 3246 0x000001dcedf1e710 code [0x000001dcedf1e8a0, 0x000001dcedf1e9e8]
Event: 13.416 Thread 0x000001dc803c3bb0 3247       2       org.codehaus.groovy.util.ReferenceManager$1::afterReferenceCreation (57 bytes)
Event: 13.416 Thread 0x000001dc803c3bb0 nmethod 3247 0x000001dcedf1eb10 code [0x000001dcedf1ece0, 0x000001dcedf1ef28]
Event: 13.417 Thread 0x000001dc803c3bb0 3248   !   2       org.codehaus.groovy.util.LazyReference::getLocked (85 bytes)
Event: 13.418 Thread 0x000001dc803c3bb0 nmethod 3248 0x000001dcedf1f010 code [0x000001dcedf1f240, 0x000001dcedf1f7c8]
Event: 13.418 Thread 0x000001dc803c3bb0 3249       2       java.util.concurrent.atomic.AtomicInteger::<init> (5 bytes)
Event: 13.418 Thread 0x000001dc803c3bb0 nmethod 3249 0x000001dcedf1fb90 code [0x000001dcedf1fd20, 0x000001dcedf1fe18]
Event: 13.445 Thread 0x000001dc803c3bb0 3250       2       java.util.WeakHashMap::get (75 bytes)
Event: 13.446 Thread 0x000001dc803c3bb0 nmethod 3250 0x000001dcedf1fe90 code [0x000001dcedf20060, 0x000001dcedf203b8]
Event: 13.450 Thread 0x000001dc803c3bb0 3251       2       org.codehaus.groovy.reflection.CachedClass::getInterfaces (11 bytes)
Event: 13.450 Thread 0x000001dc803c3bb0 nmethod 3251 0x000001dcedf20610 code [0x000001dcedf207c0, 0x000001dcedf20948]
Event: 13.453 Thread 0x000001dc803c3bb0 3252       2       org.codehaus.groovy.util.ReferenceType$1::createReference (11 bytes)
Event: 13.453 Thread 0x000001dc803c3bb0 nmethod 3252 0x000001dcedf20a10 code [0x000001dcedf20bc0, 0x000001dcedf20e78]
Event: 13.453 Thread 0x000001dc803c3bb0 3253       2       org.codehaus.groovy.util.ReferenceType$SoftRef::<init> (12 bytes)
Event: 13.453 Thread 0x000001dc803c3bb0 nmethod 3253 0x000001dcedf20f10 code [0x000001dcedf210a0, 0x000001dcedf212f8]

GC Heap History (6 events):
Event: 1.676 GC heap before
{Heap before GC invocations=0 (full 0):
 garbage-first heap   total 262144K, used 26624K [0x00000000e0000000, 0x0000000100000000)
  region size 1024K, 23 young (23552K), 0 survivors (0K)
 Metaspace       used 2896K, committed 3072K, reserved 323584K
  class space    used 363K, committed 448K, reserved 315392K
}
Event: 1.703 GC heap after
{Heap after GC invocations=1 (full 0):
 garbage-first heap   total 262144K, used 10664K [0x00000000e0000000, 0x0000000100000000)
  region size 1024K, 3 young (3072K), 3 survivors (3072K)
 Metaspace       used 2896K, committed 3072K, reserved 323584K
  class space    used 363K, committed 448K, reserved 315392K
}
Event: 3.195 GC heap before
{Heap before GC invocations=1 (full 0):
 garbage-first heap   total 262144K, used 37288K [0x00000000e0000000, 0x0000000100000000)
  region size 1024K, 29 young (29696K), 3 survivors (3072K)
 Metaspace       used 4010K, committed 4160K, reserved 323584K
  class space    used 494K, committed 576K, reserved 315392K
}
Event: 3.199 GC heap after
{Heap after GC invocations=2 (full 0):
 garbage-first heap   total 262144K, used 11808K [0x00000000e0000000, 0x0000000100000000)
  region size 1024K, 1 young (1024K), 1 survivors (1024K)
 Metaspace       used 4010K, committed 4160K, reserved 323584K
  class space    used 494K, committed 576K, reserved 315392K
}
Event: 11.137 GC heap before
{Heap before GC invocations=2 (full 0):
 garbage-first heap   total 262144K, used 139808K [0x00000000e0000000, 0x0000000100000000)
  region size 1024K, 127 young (130048K), 1 survivors (1024K)
 Metaspace       used 21253K, committed 21504K, reserved 339968K
  class space    used 3105K, committed 3200K, reserved 315392K
}
Event: 11.156 GC heap after
{Heap after GC invocations=3 (full 0):
 garbage-first heap   total 262144K, used 23182K [0x00000000e0000000, 0x0000000100000000)
  region size 1024K, 12 young (12288K), 12 survivors (12288K)
 Metaspace       used 21253K, committed 21504K, reserved 339968K
  class space    used 3105K, committed 3200K, reserved 315392K
}

Deoptimization events (20 events):
Event: 12.800 Thread 0x000001dc812aaea0 Uncommon trap: trap_request=0xffffff45 fr.pc=0x000001dcf4ed8eb4 relative=0x00000000000007f4
Event: 12.800 Thread 0x000001dc812aaea0 Uncommon trap: reason=unstable_if action=reinterpret pc=0x000001dcf4ed8eb4 method=java.lang.Class.getPackageName()Ljava/lang/String; @ 55 c2
Event: 12.800 Thread 0x000001dc812aaea0 DEOPT PACKING pc=0x000001dcf4ed8eb4 sp=0x000000c62f8fa390
Event: 12.800 Thread 0x000001dc812aaea0 DEOPT UNPACKING pc=0x000001dced3123a3 sp=0x000000c62f8fa350 mode 2
Event: 13.118 Thread 0x000001dc812aaea0 Uncommon trap: trap_request=0xffffffc6 fr.pc=0x000001dcf4f0fb20 relative=0x0000000000000900
Event: 13.118 Thread 0x000001dc812aaea0 Uncommon trap: reason=bimorphic_or_optimized_type_check action=maybe_recompile pc=0x000001dcf4f0fb20 method=java.io.BufferedInputStream.read([BII)I @ 101 c2
Event: 13.118 Thread 0x000001dc812aaea0 DEOPT PACKING pc=0x000001dcf4f0fb20 sp=0x000000c62f8f7f80
Event: 13.118 Thread 0x000001dc812aaea0 DEOPT UNPACKING pc=0x000001dced3123a3 sp=0x000000c62f8f7f38 mode 2
Event: 13.119 Thread 0x000001dc812aaea0 Uncommon trap: trap_request=0xffffffc6 fr.pc=0x000001dcf4f0fb20 relative=0x0000000000000900
Event: 13.119 Thread 0x000001dc812aaea0 Uncommon trap: reason=bimorphic_or_optimized_type_check action=maybe_recompile pc=0x000001dcf4f0fb20 method=java.io.BufferedInputStream.read([BII)I @ 101 c2
Event: 13.119 Thread 0x000001dc812aaea0 DEOPT PACKING pc=0x000001dcf4f0fb20 sp=0x000000c62f8f7f80
Event: 13.119 Thread 0x000001dc812aaea0 DEOPT UNPACKING pc=0x000001dced3123a3 sp=0x000000c62f8f7f38 mode 2
Event: 13.121 Thread 0x000001dc812aaea0 Uncommon trap: trap_request=0xffffffc6 fr.pc=0x000001dcf4f0fb20 relative=0x0000000000000900
Event: 13.121 Thread 0x000001dc812aaea0 Uncommon trap: reason=bimorphic_or_optimized_type_check action=maybe_recompile pc=0x000001dcf4f0fb20 method=java.io.BufferedInputStream.read([BII)I @ 101 c2
Event: 13.121 Thread 0x000001dc812aaea0 DEOPT PACKING pc=0x000001dcf4f0fb20 sp=0x000000c62f8f7f80
Event: 13.121 Thread 0x000001dc812aaea0 DEOPT UNPACKING pc=0x000001dced3123a3 sp=0x000000c62f8f7f38 mode 2
Event: 13.125 Thread 0x000001dc812aaea0 Uncommon trap: trap_request=0xffffffc6 fr.pc=0x000001dcf4f0fb20 relative=0x0000000000000900
Event: 13.125 Thread 0x000001dc812aaea0 Uncommon trap: reason=bimorphic_or_optimized_type_check action=maybe_recompile pc=0x000001dcf4f0fb20 method=java.io.BufferedInputStream.read([BII)I @ 101 c2
Event: 13.125 Thread 0x000001dc812aaea0 DEOPT PACKING pc=0x000001dcf4f0fb20 sp=0x000000c62f8f7f80
Event: 13.125 Thread 0x000001dc812aaea0 DEOPT UNPACKING pc=0x000001dced3123a3 sp=0x000000c62f8f7f38 mode 2

Classes unloaded (0 events):
No events

Classes redefined (0 events):
No events

Internal exceptions (20 events):
Event: 11.413 Thread 0x000001dc812aaea0 Exception <a 'java/lang/NoSuchMethodError'{0x00000000ef7307a8}: 'java.lang.Object java.lang.invoke.Invokers$Holder.linkToTargetMethod(java.lang.Object, java.lang.Object, java.lang.Object, java.lang.Object, java.lang.Object, java.lang.Object, java.lang.Object, java.lang.Object, java.lang.Object, java.lang.Object)'> (0x00000000ef7307a8) 
thrown [t:\workspace\open\src\hotspot\share\interpreter\linkResolver.cpp, line 766]
Event: 11.428 Thread 0x000001dc812aaea0 Exception <a 'java/lang/NoSuchMethodError'{0x00000000ef7a4fd0}: 'java.lang.Object java.lang.invoke.DirectMethodHandle$Holder.newInvokeSpecial(java.lang.Object, java.lang.Object, java.lang.Object, java.lang.Object, java.lang.Object, java.lang.Object, java.lang.Object, java.lang.Object, java.lang.Object, java.lang.Object, java.lang.Object)'> (0x00000000ef7a4fd0) 
thrown [t:\workspace\open\src\hotspot\share\interpreter\linkResolver.cpp, line 766]
Event: 11.429 Thread 0x000001dc812aaea0 Exception <a 'java/lang/NoSuchMethodError'{0x00000000ef7aab08}: 'java.lang.Object java.lang.invoke.DirectMethodHandle$Holder.invokeSpecial(java.lang.Object, java.lang.Object, java.lang.Object, java.lang.Object, java.lang.Object, java.lang.Object, java.lang.Object, java.lang.Object, java.lang.Object, java.lang.Object, java.lang.Object, java.lang.Object)'> (0x00000000ef7aab08) 
thrown [t:\workspace\open\src\hotspot\share\interpreter\linkResolver.cpp, line 766]
Event: 11.429 Thread 0x000001dc812aaea0 Exception <a 'java/lang/NoSuchMethodError'{0x00000000ef7b01a0}: 'java.lang.Object java.lang.invoke.Invokers$Holder.linkToTargetMethod(java.lang.Object, java.lang.Object, java.lang.Object, java.lang.Object, java.lang.Object, java.lang.Object, java.lang.Object, java.lang.Object, java.lang.Object, java.lang.Object, java.lang.Object)'> (0x00000000ef7b01a0) 
thrown [t:\workspace\open\src\hotspot\share\interpreter\linkResolver.cpp, line 766]
Event: 11.617 Thread 0x000001dc812aaea0 Implicit null exception at 0x000001dcf4dfb80f to 0x000001dcf4dfbd8c
Event: 11.704 Thread 0x000001dc812aaea0 Exception <a 'java/lang/NoSuchMethodError'{0x00000000eee44d38}: 'java.lang.Object java.lang.invoke.DirectMethodHandle$Holder.newInvokeSpecial(java.lang.Object, java.lang.Object, int, int)'> (0x00000000eee44d38) 
thrown [t:\workspace\open\src\hotspot\share\interpreter\linkResolver.cpp, line 766]
Event: 12.525 Thread 0x000001dc812aaea0 Exception <a 'java/lang/IncompatibleClassChangeError'{0x00000000edc091a8}: Found class java.lang.Object, but interface was expected> (0x00000000edc091a8) 
thrown [t:\workspace\open\src\hotspot\share\interpreter\linkResolver.cpp, line 833]
Event: 12.551 Thread 0x000001dc812aaea0 Exception <a 'java/lang/NoSuchMethodError'{0x00000000edb42500}: 'int java.lang.invoke.DirectMethodHandle$Holder.invokeStaticInit(java.lang.Object, java.lang.Object, java.lang.Object)'> (0x00000000edb42500) 
thrown [t:\workspace\open\src\hotspot\share\interpreter\linkResolver.cpp, line 766]
Event: 12.554 Thread 0x000001dc812aaea0 Exception <a 'java/lang/NoSuchMethodError'{0x00000000edb58040}: 'java.lang.Object java.lang.invoke.DirectMethodHandle$Holder.newInvokeSpecial(java.lang.Object, java.lang.Object, long)'> (0x00000000edb58040) 
thrown [t:\workspace\open\src\hotspot\share\interpreter\linkResolver.cpp, line 766]
Event: 12.554 Thread 0x000001dc812aaea0 Exception <a 'java/lang/NoSuchMethodError'{0x00000000edb5c650}: 'java.lang.Object java.lang.invoke.Invokers$Holder.linkToTargetMethod(java.lang.Object, long, java.lang.Object)'> (0x00000000edb5c650) 
thrown [t:\workspace\open\src\hotspot\share\interpreter\linkResolver.cpp, line 766]
Event: 12.607 Thread 0x000001dc812aaea0 Exception <a 'java/lang/NoSuchMethodError'{0x00000000ed971488}: 'int java.lang.invoke.DirectMethodHandle$Holder.invokeInterface(java.lang.Object, java.lang.Object)'> (0x00000000ed971488) 
thrown [t:\workspace\open\src\hotspot\share\interpreter\linkResolver.cpp, line 766]
Event: 12.622 Thread 0x000001dc812aaea0 Exception <a 'java/lang/NoSuchMethodError'{0x00000000ed9d3d98}: 'java.lang.Object java.lang.invoke.DirectMethodHandle$Holder.invokeVirtual(java.lang.Object, java.lang.Object, int)'> (0x00000000ed9d3d98) 
thrown [t:\workspace\open\src\hotspot\share\interpreter\linkResolver.cpp, line 766]
Event: 12.691 Thread 0x000001dc812aaea0 Exception <a 'java/lang/NoSuchMethodError'{0x00000000ed8c4698}: 'java.lang.Object java.lang.invoke.DirectMethodHandle$Holder.invokeStatic(java.lang.Object, java.lang.Object, int, java.lang.Object)'> (0x00000000ed8c4698) 
thrown [t:\workspace\open\src\hotspot\share\interpreter\linkResolver.cpp, line 766]
Event: 12.692 Thread 0x000001dc812aaea0 Exception <a 'java/lang/NoSuchMethodError'{0x00000000ed8cc438}: 'java.lang.Object java.lang.invoke.DirectMethodHandle$Holder.newInvokeSpecial(java.lang.Object, java.lang.Object, int, java.lang.Object)'> (0x00000000ed8cc438) 
thrown [t:\workspace\open\src\hotspot\share\interpreter\linkResolver.cpp, line 766]
Event: 12.692 Thread 0x000001dc812aaea0 Exception <a 'java/lang/NoSuchMethodError'{0x00000000ed8d0d20}: 'java.lang.Object java.lang.invoke.DirectMethodHandle$Holder.invokeSpecial(java.lang.Object, java.lang.Object, java.lang.Object, int, java.lang.Object)'> (0x00000000ed8d0d20) 
thrown [t:\workspace\open\src\hotspot\share\interpreter\linkResolver.cpp, line 766]
Event: 12.877 Thread 0x000001dc812aaea0 Exception <a 'java/lang/NoSuchMethodError'{0x00000000ed47d3d8}: 'java.lang.Object java.lang.invoke.DirectMethodHandle$Holder.invokeSpecial(java.lang.Object, java.lang.Object, java.lang.Object, int, java.lang.Object, java.lang.Object)'> (0x00000000ed47d3d8) 
thrown [t:\workspace\open\src\hotspot\share\interpreter\linkResolver.cpp, line 766]
Event: 13.347 Thread 0x000001dc812aaea0 Exception <a 'java/lang/NoSuchMethodError'{0x00000000ece935e8}: 'void java.lang.invoke.DirectMethodHandle$Holder.invokeStaticInit(java.lang.Object, java.lang.Object, java.lang.Object)'> (0x00000000ece935e8) 
thrown [t:\workspace\open\src\hotspot\share\interpreter\linkResolver.cpp, line 766]
Event: 13.348 Thread 0x000001dc812aaea0 Exception <a 'java/lang/NoSuchMethodError'{0x00000000ece9aa88}: 'void java.lang.invoke.DirectMethodHandle$Holder.invokeStaticInit(java.lang.Object, java.lang.Object, java.lang.Object, java.lang.Object)'> (0x00000000ece9aa88) 
thrown [t:\workspace\open\src\hotspot\share\interpreter\linkResolver.cpp, line 766]
Event: 13.353 Thread 0x000001dc812aaea0 Exception <a 'java/lang/NoSuchMethodError'{0x00000000ecebd010}: 'void java.lang.invoke.DirectMethodHandle$Holder.invokeStaticInit(java.lang.Object, java.lang.Object, java.lang.Object, java.lang.Object, java.lang.Object)'> (0x00000000ecebd010) 
thrown [t:\workspace\open\src\hotspot\share\interpreter\linkResolver.cpp, line 766]
Event: 13.376 Thread 0x000001dc812aaea0 Exception <a 'java/lang/NoSuchMethodError'{0x00000000ecd18908}: 'int java.lang.invoke.DirectMethodHandle$Holder.invokeStaticInit(java.lang.Object, java.lang.Object, java.lang.Object, java.lang.Object)'> (0x00000000ecd18908) 
thrown [t:\workspace\open\src\hotspot\share\interpreter\linkResolver.cpp, line 766]

VM Operations (20 events):
Event: 11.168 Executing VM operation: G1Concurrent
Event: 11.172 Executing VM operation: G1Concurrent done
Event: 11.174 Executing VM operation: G1Concurrent
Event: 11.175 Executing VM operation: G1Concurrent done
Event: 11.621 Executing VM operation: HandshakeAllThreads
Event: 11.621 Executing VM operation: HandshakeAllThreads done
Event: 12.254 Executing VM operation: HandshakeAllThreads
Event: 12.255 Executing VM operation: HandshakeAllThreads done
Event: 12.255 Executing VM operation: Cleanup
Event: 12.255 Executing VM operation: Cleanup done
Event: 12.529 Executing VM operation: HandshakeAllThreads
Event: 12.529 Executing VM operation: HandshakeAllThreads done
Event: 12.556 Executing VM operation: HandshakeAllThreads
Event: 12.556 Executing VM operation: HandshakeAllThreads done
Event: 12.557 Executing VM operation: HandshakeAllThreads
Event: 12.557 Executing VM operation: HandshakeAllThreads done
Event: 12.797 Executing VM operation: HandshakeAllThreads
Event: 12.798 Executing VM operation: HandshakeAllThreads done
Event: 13.199 Executing VM operation: HandshakeAllThreads
Event: 13.199 Executing VM operation: HandshakeAllThreads done

Events (20 events):
Event: 13.052 loading class java/util/BitSet
Event: 13.054 loading class java/util/BitSet done
Event: 13.091 loading class java/util/TimerTask
Event: 13.099 loading class java/util/TimerTask done
Event: 13.099 loading class java/util/Timer
Event: 13.109 loading class java/util/Timer done
Event: 13.198 loading class java/security/AccessControlException
Event: 13.198 loading class java/security/AccessControlException done
Event: 13.313 loading class java/lang/reflect/MalformedParameterizedTypeException
Event: 13.314 loading class java/lang/reflect/MalformedParameterizedTypeException done
Event: 13.341 loading class java/lang/IllegalCallerException
Event: 13.341 loading class java/lang/IllegalCallerException done
Event: 13.401 loading class java/lang/ClassFormatError
Event: 13.402 loading class java/lang/ClassFormatError done
Event: 13.448 loading class java/lang/ProcessHandle$Info
Event: 13.449 loading class java/lang/ProcessHandle$Info done
Event: 13.449 loading class java/lang/ProcessHandle
Event: 13.449 loading class java/lang/ProcessHandle done
Event: 13.455 loading class java/io/UnsupportedEncodingException
Event: 13.455 loading class java/io/UnsupportedEncodingException done


Dynamic libraries:
0x00007ff6c18f0000 - 0x00007ff6c18fe000 	C:\Program Files (x86)\openjdk-17+35_windows-x64_bin\jdk-17\bin\java.exe
0x00007ffa8f090000 - 0x00007ffa8f2a7000 	C:\WINDOWS\SYSTEM32\ntdll.dll
0x00007ffa8d2a0000 - 0x00007ffa8d364000 	C:\WINDOWS\System32\KERNEL32.DLL
0x00007ffa8c6b0000 - 0x00007ffa8ca57000 	C:\WINDOWS\System32\KERNELBASE.dll
0x00007ffa8cc70000 - 0x00007ffa8cd81000 	C:\WINDOWS\System32\ucrtbase.dll
0x00007ffa851f0000 - 0x00007ffa8520a000 	C:\Program Files (x86)\openjdk-17+35_windows-x64_bin\jdk-17\bin\VCRUNTIME140.dll
0x00007ffa6dfa0000 - 0x00007ffa6dfb8000 	C:\Program Files (x86)\openjdk-17+35_windows-x64_bin\jdk-17\bin\jli.dll
0x00007ffa8d5b0000 - 0x00007ffa8d75e000 	C:\WINDOWS\System32\USER32.dll
0x00007ffa8c520000 - 0x00007ffa8c546000 	C:\WINDOWS\System32\win32u.dll
0x00007ffa68ce0000 - 0x00007ffa68f73000 	C:\WINDOWS\WinSxS\amd64_microsoft.windows.common-controls_6595b64144ccf1df_6.0.22621.3527_none_270e469b73872a76\COMCTL32.dll
0x00007ffa8cfb0000 - 0x00007ffa8d057000 	C:\WINDOWS\System32\msvcrt.dll
0x00007ffa8d060000 - 0x00007ffa8d089000 	C:\WINDOWS\System32\GDI32.dll
0x00007ffa8ca60000 - 0x00007ffa8cb79000 	C:\WINDOWS\System32\gdi32full.dll
0x00007ffa8c610000 - 0x00007ffa8c6aa000 	C:\WINDOWS\System32\msvcp_win.dll
0x00007ffa8d490000 - 0x00007ffa8d4c1000 	C:\WINDOWS\System32\IMM32.DLL
0x00007ffa85920000 - 0x00007ffa8592c000 	C:\Program Files (x86)\openjdk-17+35_windows-x64_bin\jdk-17\bin\vcruntime140_1.dll
0x00007ffa2ca20000 - 0x00007ffa2caad000 	C:\Program Files (x86)\openjdk-17+35_windows-x64_bin\jdk-17\bin\msvcp140.dll
0x00007ffa0c770000 - 0x00007ffa0d32e000 	C:\Program Files (x86)\openjdk-17+35_windows-x64_bin\jdk-17\bin\server\jvm.dll
0x00007ffa8d370000 - 0x00007ffa8d422000 	C:\WINDOWS\System32\ADVAPI32.dll
0x00007ffa8d090000 - 0x00007ffa8d138000 	C:\WINDOWS\System32\sechost.dll
0x00007ffa8cd90000 - 0x00007ffa8cdb8000 	C:\WINDOWS\System32\bcrypt.dll
0x00007ffa8dc60000 - 0x00007ffa8dd75000 	C:\WINDOWS\System32\RPCRT4.dll
0x00007ffa8f030000 - 0x00007ffa8f038000 	C:\WINDOWS\System32\PSAPI.DLL
0x00007ffa82df0000 - 0x00007ffa82df9000 	C:\WINDOWS\SYSTEM32\WSOCK32.dll
0x00007ffa81ba0000 - 0x00007ffa81bd4000 	C:\WINDOWS\SYSTEM32\WINMM.dll
0x00007ffa8d760000 - 0x00007ffa8d7d1000 	C:\WINDOWS\System32\WS2_32.dll
0x00007ffa81170000 - 0x00007ffa8117a000 	C:\WINDOWS\SYSTEM32\VERSION.dll
0x00007ffa8b480000 - 0x00007ffa8b498000 	C:\WINDOWS\SYSTEM32\kernel.appcore.dll
0x00007ffa82930000 - 0x00007ffa8293a000 	C:\Program Files (x86)\openjdk-17+35_windows-x64_bin\jdk-17\bin\jimage.dll
0x00007ffa86720000 - 0x00007ffa86952000 	C:\WINDOWS\SYSTEM32\DBGHELP.DLL
0x00007ffa8eac0000 - 0x00007ffa8ee48000 	C:\WINDOWS\System32\combase.dll
0x00007ffa8e9e0000 - 0x00007ffa8eab7000 	C:\WINDOWS\System32\OLEAUT32.dll
0x00007ffa64c50000 - 0x00007ffa64c82000 	C:\WINDOWS\SYSTEM32\dbgcore.DLL
0x00007ffa8cbf0000 - 0x00007ffa8cc69000 	C:\WINDOWS\System32\bcryptPrimitives.dll
0x00007ffa82a80000 - 0x00007ffa82a8e000 	C:\Program Files (x86)\openjdk-17+35_windows-x64_bin\jdk-17\bin\instrument.dll
0x00007ffa67a80000 - 0x00007ffa67aa5000 	C:\Program Files (x86)\openjdk-17+35_windows-x64_bin\jdk-17\bin\java.dll
0x00007ffa0d370000 - 0x00007ffa0d446000 	C:\Program Files (x86)\openjdk-17+35_windows-x64_bin\jdk-17\bin\svml.dll
0x00007ffa8dd80000 - 0x00007ffa8e5dc000 	C:\WINDOWS\System32\SHELL32.dll
0x00007ffa8a2b0000 - 0x00007ffa8aba6000 	C:\WINDOWS\SYSTEM32\windows.storage.dll
0x00007ffa8a170000 - 0x00007ffa8a2ae000 	C:\WINDOWS\SYSTEM32\wintypes.dll
0x00007ffa8ef00000 - 0x00007ffa8eff5000 	C:\WINDOWS\System32\SHCORE.dll
0x00007ffa8e7b0000 - 0x00007ffa8e80e000 	C:\WINDOWS\System32\shlwapi.dll
0x00007ffa8c2e0000 - 0x00007ffa8c301000 	C:\WINDOWS\SYSTEM32\profapi.dll
0x00007ffa67a60000 - 0x00007ffa67a78000 	C:\Program Files (x86)\openjdk-17+35_windows-x64_bin\jdk-17\bin\zip.dll
0x00007ffa65100000 - 0x00007ffa65119000 	C:\Program Files (x86)\openjdk-17+35_windows-x64_bin\jdk-17\bin\net.dll
0x00007ffa823d0000 - 0x00007ffa82506000 	C:\WINDOWS\SYSTEM32\WINHTTP.dll
0x00007ffa8b8e0000 - 0x00007ffa8b949000 	C:\WINDOWS\system32\mswsock.dll
0x00007ffa650e0000 - 0x00007ffa650f5000 	C:\Program Files (x86)\openjdk-17+35_windows-x64_bin\jdk-17\bin\nio.dll
0x00007ffa6f210000 - 0x00007ffa6f220000 	C:\Program Files (x86)\openjdk-17+35_windows-x64_bin\jdk-17\bin\verify.dll
0x00007ffa81dd0000 - 0x00007ffa81df7000 	C:\Users\qorhk\.gradle\native\c067742578af261105cb4f569cf0c3c89f3d7b1fecec35dd04571415982c5e48\windows-amd64\native-platform.dll
0x00007ffa49cb0000 - 0x00007ffa49df4000 	C:\Users\qorhk\.gradle\native\38dada09dfb8b06ba9b0570ebf7e218e3eb74d4ef43ca46872605cf95ebc2f47\windows-amd64\native-platform-file-events.dll
0x00007ffa82920000 - 0x00007ffa82929000 	C:\Program Files (x86)\openjdk-17+35_windows-x64_bin\jdk-17\bin\management.dll
0x00007ffa82210000 - 0x00007ffa8221b000 	C:\Program Files (x86)\openjdk-17+35_windows-x64_bin\jdk-17\bin\management_ext.dll
0x00007ffa8bb80000 - 0x00007ffa8bb9b000 	C:\WINDOWS\SYSTEM32\CRYPTSP.dll
0x00007ffa8b3e0000 - 0x00007ffa8b415000 	C:\WINDOWS\system32\rsaenh.dll
0x00007ffa8b980000 - 0x00007ffa8b9a8000 	C:\WINDOWS\SYSTEM32\USERENV.dll
0x00007ffa8bae0000 - 0x00007ffa8baec000 	C:\WINDOWS\SYSTEM32\CRYPTBASE.dll
0x00007ffa8ae80000 - 0x00007ffa8aead000 	C:\WINDOWS\SYSTEM32\IPHLPAPI.DLL
0x00007ffa8e810000 - 0x00007ffa8e819000 	C:\WINDOWS\System32\NSI.dll
0x00007ffa82690000 - 0x00007ffa826a9000 	C:\WINDOWS\SYSTEM32\dhcpcsvc6.DLL
0x00007ffa82160000 - 0x00007ffa8217f000 	C:\WINDOWS\SYSTEM32\dhcpcsvc.DLL
0x00007ffa8aef0000 - 0x00007ffa8afe8000 	C:\WINDOWS\SYSTEM32\DNSAPI.dll
0x00007ffa81610000 - 0x00007ffa8161e000 	C:\Program Files (x86)\openjdk-17+35_windows-x64_bin\jdk-17\bin\sunmscapi.dll
0x00007ffa8c3b0000 - 0x00007ffa8c518000 	C:\WINDOWS\System32\CRYPT32.dll
0x00007ffa8bd50000 - 0x00007ffa8bd7e000 	C:\WINDOWS\SYSTEM32\ncrypt.dll
0x00007ffa8bd10000 - 0x00007ffa8bd47000 	C:\WINDOWS\SYSTEM32\NTASN1.dll
0x00007ffa692d0000 - 0x00007ffa692d8000 	C:\WINDOWS\system32\wshunix.dll

dbghelp: loaded successfully - version: 4.0.5 - missing functions: none
symbol engine: initialized successfully - sym options: 0x614 - pdb path: .;C:\Program Files (x86)\openjdk-17+35_windows-x64_bin\jdk-17\bin;C:\WINDOWS\SYSTEM32;C:\WINDOWS\WinSxS\amd64_microsoft.windows.common-controls_6595b64144ccf1df_6.0.22621.3527_none_270e469b73872a76;C:\Program Files (x86)\openjdk-17+35_windows-x64_bin\jdk-17\bin\server;C:\Users\qorhk\.gradle\native\c067742578af261105cb4f569cf0c3c89f3d7b1fecec35dd04571415982c5e48\windows-amd64;C:\Users\qorhk\.gradle\native\38dada09dfb8b06ba9b0570ebf7e218e3eb74d4ef43ca46872605cf95ebc2f47\windows-amd64

VM Arguments:
jvm_args: --add-opens=java.base/java.util=ALL-UNNAMED --add-opens=java.base/java.lang=ALL-UNNAMED --add-opens=java.base/java.lang.invoke=ALL-UNNAMED --add-opens=java.prefs/java.util.prefs=ALL-UNNAMED --add-opens=java.base/java.nio.charset=ALL-UNNAMED --add-opens=java.base/java.net=ALL-UNNAMED --add-opens=java.base/java.util.concurrent.atomic=ALL-UNNAMED -XX:MaxMetaspaceSize=384m -XX:+HeapDumpOnOutOfMemoryError -Xms256m -Xmx512m -Dfile.encoding=x-windows-949 -Duser.country=KR -Duser.language=ko -Duser.variant -javaagent:C:\Users\qorhk\.gradle\wrapper\dists\gradle-8.7-bin\bhs2wmbdwecv87pi65oeuq5iu\gradle-8.7\lib\agents\gradle-instrumentation-agent-8.7.jar 
java_command: org.gradle.launcher.daemon.bootstrap.GradleDaemon 8.7
java_class_path (initial): C:\Users\qorhk\.gradle\wrapper\dists\gradle-8.7-bin\bhs2wmbdwecv87pi65oeuq5iu\gradle-8.7\lib\gradle-launcher-8.7.jar
Launcher Type: SUN_STANDARD

[Global flags]
     intx CICompilerCount                          = 4                                         {product} {ergonomic}
   size_t CompressedClassSpaceSize                 = 322961408                                 {product} {ergonomic}
     uint ConcGCThreads                            = 2                                         {product} {ergonomic}
     uint G1ConcRefinementThreads                  = 8                                         {product} {ergonomic}
   size_t G1HeapRegionSize                         = 1048576                                   {product} {ergonomic}
    uintx GCDrainStackTargetSize                   = 64                                        {product} {ergonomic}
     bool HeapDumpOnOutOfMemoryError               = true                                   {manageable} {command line}
   size_t InitialHeapSize                          = 268435456                                 {product} {command line}
   size_t MarkStackSize                            = 4194304                                   {product} {ergonomic}
   size_t MaxHeapSize                              = 536870912                                 {product} {command line}
   size_t MaxMetaspaceSize                         = 402653184                                 {product} {command line}
   size_t MaxNewSize                               = 321912832                                 {product} {ergonomic}
   size_t MinHeapDeltaBytes                        = 1048576                                   {product} {ergonomic}
   size_t MinHeapSize                              = 268435456                                 {product} {command line}
    uintx NonNMethodCodeHeapSize                   = 5839372                                {pd product} {ergonomic}
    uintx NonProfiledCodeHeapSize                  = 122909434                              {pd product} {ergonomic}
    uintx ProfiledCodeHeapSize                     = 122909434                              {pd product} {ergonomic}
    uintx ReservedCodeCacheSize                    = 251658240                              {pd product} {ergonomic}
     bool SegmentedCodeCache                       = true                                      {product} {ergonomic}
   size_t SoftMaxHeapSize                          = 536870912                              {manageable} {ergonomic}
     bool UseCompressedClassPointers               = true                           {product lp64_product} {ergonomic}
     bool UseCompressedOops                        = true                           {product lp64_product} {ergonomic}
     bool UseG1GC                                  = true                                      {product} {ergonomic}
     bool UseLargePagesIndividualAllocation        = false                                  {pd product} {ergonomic}

Logging:
Log output configuration:
 #0: stdout all=warning uptime,level,tags
 #1: stderr all=off uptime,level,tags

Environment Variables:
JAVA_HOME=C:\Program Files (x86)\openjdk-17+35_windows-x64_bin\jdk-17
PATH=C:\WINDOWS\system32;C:\WINDOWS;C:\WINDOWS\System32\Wbem;C:\WINDOWS\System32\WindowsPowerShell\v1.0\;C:\WINDOWS\System32\OpenSSH\;C:\Program Files\Bandizip\;C:\Program Files\Git\cmd;C:\Program Files (x86)\openjdk-17+35_windows-x64_bin\jdk-17\bin;C:\Program Files\MySQL\MySQL Server 8.0\bin;C:\Program Files\Docker\Docker\resources\bin;C:\ProgramData\chocolatey\bin;C:\Program Files\nodejs\;C:\Users\qorhk\anaconda3;C:\Users\qorhk\anaconda3\Scripts;C:\Users\qorhk\anaconda3\Library\bin;C:\Users\qorhk\anaconda3\Library\mingw-w64\bin;C:\Users\qorhk\AppData\Local\Microsoft\WindowsApps;;C:\Program Files\JetBrains\IntelliJ IDEA 2023.3.4\bin;;C:\Users\qorhk\AppData\Roaming\npm;C:\Users\qorhk\AppData\Local\Programs\Microsoft VS Code\bin
USERNAME=qorhk
OS=Windows_NT
PROCESSOR_IDENTIFIER=Intel64 Family 6 Model 142 Stepping 12, GenuineIntel



---------------  S Y S T E M  ---------------

OS:
 Windows 10 , 64 bit Build 22621 (10.0.22621.3527)
OS uptime: 1 days 0:14 hours
Hyper-V role detected

CPU: total 8 (initial active 8) (4 cores per cpu, 2 threads per core) family 6 model 142 stepping 12 microcode 0xde, cx8, cmov, fxsr, ht, mmx, 3dnowpref, sse, sse2, sse3, ssse3, sse4.1, sse4.2, popcnt, lzcnt, tsc, tscinvbit, avx, avx2, aes, erms, clmul, bmi1, bmi2, adx, fma, vzeroupper, clflush, clflushopt, hv

Memory: 4k page, system-wide physical 12101M (229M free)
TotalPageFile size 27199M (AvailPageFile size 52M)
current process WorkingSet (physical memory assigned to process): 269M, peak: 270M
current process commit charge ("private bytes"): 426M, peak: 429M

vm_info: OpenJDK 64-Bit Server VM (17+35-2724) for windows-amd64 JRE (17+35-2724), built on Aug  5 2021 23:26:02 by "mach5one" with MS VC++ 16.8 (VS2019)

END.
